[DEBUG][2021-04-16 09:24:02][main] org.mybatis.spring.SqlSessionFactoryBean.buildSqlSessionFactory(SqlSessionFactoryBean.java:496) Parsed configuration file: 'class path resource [mybatis-config.xml]' 
[DEBUG][2021-04-16 09:24:02][main] org.mybatis.spring.SqlSessionFactoryBean.buildSqlSessionFactory(SqlSessionFactoryBean.java:528) Parsed mapper file: 'file [D:\ideaku\paichan\target\classes\mapper\DistriProcessMapper.xml]' 
[DEBUG][2021-04-16 09:24:02][main] org.mybatis.spring.SqlSessionFactoryBean.buildSqlSessionFactory(SqlSessionFactoryBean.java:528) Parsed mapper file: 'file [D:\ideaku\paichan\target\classes\mapper\NeedResourceMapper.xml]' 
[DEBUG][2021-04-16 09:24:02][main] org.mybatis.spring.SqlSessionFactoryBean.buildSqlSessionFactory(SqlSessionFactoryBean.java:528) Parsed mapper file: 'file [D:\ideaku\paichan\target\classes\mapper\OrderMapper.xml]' 
[DEBUG][2021-04-16 09:24:02][main] org.mybatis.spring.SqlSessionFactoryBean.buildSqlSessionFactory(SqlSessionFactoryBean.java:528) Parsed mapper file: 'file [D:\ideaku\paichan\target\classes\mapper\ProcessMapper.xml]' 
[DEBUG][2021-04-16 09:24:02][main] org.mybatis.spring.SqlSessionFactoryBean.buildSqlSessionFactory(SqlSessionFactoryBean.java:528) Parsed mapper file: 'file [D:\ideaku\paichan\target\classes\mapper\ProductMapper.xml]' 
[DEBUG][2021-04-16 09:24:02][main] org.mybatis.spring.SqlSessionFactoryBean.buildSqlSessionFactory(SqlSessionFactoryBean.java:528) Parsed mapper file: 'file [D:\ideaku\paichan\target\classes\mapper\RealProductMapper.xml]' 
[DEBUG][2021-04-16 09:24:02][main] org.mybatis.spring.SqlSessionFactoryBean.buildSqlSessionFactory(SqlSessionFactoryBean.java:528) Parsed mapper file: 'file [D:\ideaku\paichan\target\classes\mapper\ResourceMapper.xml]' 
[DEBUG][2021-04-16 09:24:02][main] org.mybatis.spring.SqlSessionFactoryBean.buildSqlSessionFactory(SqlSessionFactoryBean.java:528) Parsed mapper file: 'file [D:\ideaku\paichan\target\classes\mapper\SemiProductMapper.xml]' 
[DEBUG][2021-04-16 09:24:03][main] org.mybatis.spring.SqlSessionUtils.getSqlSession(SqlSessionUtils.java:99) Creating a new SqlSession 
[DEBUG][2021-04-16 09:24:03][main] org.mybatis.spring.SqlSessionUtils.registerSessionHolder(SqlSessionUtils.java:150) SqlSession [org.apache.ibatis.session.defaults.DefaultSqlSession@1e11bc55] was not registered for synchronization because synchronization is not active 
[DEBUG][2021-04-16 09:24:03][main] org.mybatis.spring.transaction.SpringManagedTransaction.openConnection(SpringManagedTransaction.java:89) JDBC Connection [2042917213, URL=jdbc:mysql://localhost:3306/schedule?useUnicode=true&characterEncoding=utf8&serverTimezone=UTC&useSSL=false, MySQL Connector Java] will not be managed by Spring 
[DEBUG][2021-04-16 09:24:03][main] org.apache.ibatis.logging.jdbc.BaseJdbcLogger.debug(BaseJdbcLogger.java:159) ==>  Preparing: delete from distri_process where resource_id=?  
[DEBUG][2021-04-16 09:24:03][main] org.apache.ibatis.logging.jdbc.BaseJdbcLogger.debug(BaseJdbcLogger.java:159) ==> Parameters: 1(Integer) 
[DEBUG][2021-04-16 09:24:03][main] org.apache.ibatis.logging.jdbc.BaseJdbcLogger.debug(BaseJdbcLogger.java:159) <==    Updates: 1 
[DEBUG][2021-04-16 09:24:03][main] org.mybatis.spring.SqlSessionUtils.closeSqlSession(SqlSessionUtils.java:193) Closing non transactional SqlSession [org.apache.ibatis.session.defaults.DefaultSqlSession@1e11bc55] 
[DEBUG][2021-04-16 09:24:03][main] org.mybatis.spring.SqlSessionUtils.getSqlSession(SqlSessionUtils.java:99) Creating a new SqlSession 
[DEBUG][2021-04-16 09:24:03][main] org.mybatis.spring.SqlSessionUtils.registerSessionHolder(SqlSessionUtils.java:150) SqlSession [org.apache.ibatis.session.defaults.DefaultSqlSession@c0b41d6] was not registered for synchronization because synchronization is not active 
[DEBUG][2021-04-16 09:24:03][main] org.mybatis.spring.transaction.SpringManagedTransaction.openConnection(SpringManagedTransaction.java:89) JDBC Connection [738174829, URL=jdbc:mysql://localhost:3306/schedule?useUnicode=true&characterEncoding=utf8&serverTimezone=UTC&useSSL=false, MySQL Connector Java] will not be managed by Spring 
[DEBUG][2021-04-16 09:24:03][main] org.apache.ibatis.logging.jdbc.BaseJdbcLogger.debug(BaseJdbcLogger.java:159) ==>  Preparing: delete from resource where resource_id=?  
[DEBUG][2021-04-16 09:24:03][main] org.apache.ibatis.logging.jdbc.BaseJdbcLogger.debug(BaseJdbcLogger.java:159) ==> Parameters: 1(Integer) 
[DEBUG][2021-04-16 09:24:03][main] org.apache.ibatis.logging.jdbc.BaseJdbcLogger.debug(BaseJdbcLogger.java:159) <==    Updates: 1 
[DEBUG][2021-04-16 09:24:03][main] org.mybatis.spring.SqlSessionUtils.closeSqlSession(SqlSessionUtils.java:193) Closing non transactional SqlSession [org.apache.ibatis.session.defaults.DefaultSqlSession@c0b41d6] 
[DEBUG][2021-04-16 09:28:45][main] org.mybatis.spring.SqlSessionFactoryBean.buildSqlSessionFactory(SqlSessionFactoryBean.java:496) Parsed configuration file: 'class path resource [mybatis-config.xml]' 
[DEBUG][2021-04-16 09:28:45][main] org.mybatis.spring.SqlSessionFactoryBean.buildSqlSessionFactory(SqlSessionFactoryBean.java:528) Parsed mapper file: 'file [D:\ideaku\paichan\target\classes\mapper\DistriProcessMapper.xml]' 
[DEBUG][2021-04-16 09:28:45][main] org.mybatis.spring.SqlSessionFactoryBean.buildSqlSessionFactory(SqlSessionFactoryBean.java:528) Parsed mapper file: 'file [D:\ideaku\paichan\target\classes\mapper\NeedResourceMapper.xml]' 
[DEBUG][2021-04-16 09:28:45][main] org.mybatis.spring.SqlSessionFactoryBean.buildSqlSessionFactory(SqlSessionFactoryBean.java:528) Parsed mapper file: 'file [D:\ideaku\paichan\target\classes\mapper\OrderMapper.xml]' 
[DEBUG][2021-04-16 09:28:45][main] org.mybatis.spring.SqlSessionFactoryBean.buildSqlSessionFactory(SqlSessionFactoryBean.java:528) Parsed mapper file: 'file [D:\ideaku\paichan\target\classes\mapper\ProcessMapper.xml]' 
[DEBUG][2021-04-16 09:28:45][main] org.mybatis.spring.SqlSessionFactoryBean.buildSqlSessionFactory(SqlSessionFactoryBean.java:528) Parsed mapper file: 'file [D:\ideaku\paichan\target\classes\mapper\ProductMapper.xml]' 
[DEBUG][2021-04-16 09:28:45][main] org.mybatis.spring.SqlSessionFactoryBean.buildSqlSessionFactory(SqlSessionFactoryBean.java:528) Parsed mapper file: 'file [D:\ideaku\paichan\target\classes\mapper\RealProductMapper.xml]' 
[DEBUG][2021-04-16 09:28:45][main] org.mybatis.spring.SqlSessionFactoryBean.buildSqlSessionFactory(SqlSessionFactoryBean.java:528) Parsed mapper file: 'file [D:\ideaku\paichan\target\classes\mapper\ResourceMapper.xml]' 
[DEBUG][2021-04-16 09:28:45][main] org.mybatis.spring.SqlSessionFactoryBean.buildSqlSessionFactory(SqlSessionFactoryBean.java:528) Parsed mapper file: 'file [D:\ideaku\paichan\target\classes\mapper\SemiProductMapper.xml]' 
[DEBUG][2021-04-16 09:28:46][main] org.mybatis.spring.SqlSessionUtils.getSqlSession(SqlSessionUtils.java:99) Creating a new SqlSession 
[DEBUG][2021-04-16 09:28:46][main] org.mybatis.spring.SqlSessionUtils.registerSessionHolder(SqlSessionUtils.java:130) Registering transaction synchronization for SqlSession [org.apache.ibatis.session.defaults.DefaultSqlSession@159e366] 
[DEBUG][2021-04-16 09:28:46][main] org.mybatis.spring.SqlSessionUtils.closeSqlSession(SqlSessionUtils.java:188) Releasing transactional SqlSession [org.apache.ibatis.session.defaults.DefaultSqlSession@159e366] 
[DEBUG][2021-04-16 09:28:46][main] org.mybatis.spring.SqlSessionUtils$SqlSessionSynchronization.beforeCompletion(SqlSessionUtils.java:312) Transaction synchronization deregistering SqlSession [org.apache.ibatis.session.defaults.DefaultSqlSession@159e366] 
[DEBUG][2021-04-16 09:28:46][main] org.mybatis.spring.SqlSessionUtils$SqlSessionSynchronization.beforeCompletion(SqlSessionUtils.java:317) Transaction synchronization closing SqlSession [org.apache.ibatis.session.defaults.DefaultSqlSession@159e366] 
[DEBUG][2021-04-16 09:32:01][main] org.mybatis.spring.SqlSessionFactoryBean.buildSqlSessionFactory(SqlSessionFactoryBean.java:496) Parsed configuration file: 'class path resource [mybatis-config.xml]' 
[DEBUG][2021-04-16 09:32:01][main] org.mybatis.spring.SqlSessionFactoryBean.buildSqlSessionFactory(SqlSessionFactoryBean.java:528) Parsed mapper file: 'file [D:\ideaku\paichan\target\classes\mapper\DistriProcessMapper.xml]' 
[DEBUG][2021-04-16 09:32:01][main] org.mybatis.spring.SqlSessionFactoryBean.buildSqlSessionFactory(SqlSessionFactoryBean.java:528) Parsed mapper file: 'file [D:\ideaku\paichan\target\classes\mapper\NeedResourceMapper.xml]' 
[DEBUG][2021-04-16 09:32:01][main] org.mybatis.spring.SqlSessionFactoryBean.buildSqlSessionFactory(SqlSessionFactoryBean.java:528) Parsed mapper file: 'file [D:\ideaku\paichan\target\classes\mapper\OrderMapper.xml]' 
[DEBUG][2021-04-16 09:32:01][main] org.mybatis.spring.SqlSessionFactoryBean.buildSqlSessionFactory(SqlSessionFactoryBean.java:528) Parsed mapper file: 'file [D:\ideaku\paichan\target\classes\mapper\ProcessMapper.xml]' 
[DEBUG][2021-04-16 09:32:01][main] org.mybatis.spring.SqlSessionFactoryBean.buildSqlSessionFactory(SqlSessionFactoryBean.java:528) Parsed mapper file: 'file [D:\ideaku\paichan\target\classes\mapper\ProductMapper.xml]' 
[DEBUG][2021-04-16 09:32:01][main] org.mybatis.spring.SqlSessionFactoryBean.buildSqlSessionFactory(SqlSessionFactoryBean.java:528) Parsed mapper file: 'file [D:\ideaku\paichan\target\classes\mapper\RealProductMapper.xml]' 
[DEBUG][2021-04-16 09:32:01][main] org.mybatis.spring.SqlSessionFactoryBean.buildSqlSessionFactory(SqlSessionFactoryBean.java:528) Parsed mapper file: 'file [D:\ideaku\paichan\target\classes\mapper\ResourceMapper.xml]' 
[DEBUG][2021-04-16 09:32:01][main] org.mybatis.spring.SqlSessionFactoryBean.buildSqlSessionFactory(SqlSessionFactoryBean.java:528) Parsed mapper file: 'file [D:\ideaku\paichan\target\classes\mapper\SemiProductMapper.xml]' 
[DEBUG][2021-04-16 09:32:02][main] org.mybatis.spring.SqlSessionUtils.getSqlSession(SqlSessionUtils.java:99) Creating a new SqlSession 
[DEBUG][2021-04-16 09:32:02][main] org.mybatis.spring.SqlSessionUtils.registerSessionHolder(SqlSessionUtils.java:130) Registering transaction synchronization for SqlSession [org.apache.ibatis.session.defaults.DefaultSqlSession@159e366] 
[DEBUG][2021-04-16 09:32:02][main] org.mybatis.spring.transaction.SpringManagedTransaction.openConnection(SpringManagedTransaction.java:89) JDBC Connection [498134055, URL=jdbc:mysql://localhost:3306/schedule?useUnicode=true&characterEncoding=utf8&serverTimezone=UTC&useSSL=false, MySQL Connector Java] will be managed by Spring 
[DEBUG][2021-04-16 09:32:02][main] org.apache.ibatis.logging.jdbc.BaseJdbcLogger.debug(BaseJdbcLogger.java:159) ==>  Preparing: select count(*) as amount, workspace as "workspace",resource_type as "resource_type" from resource where workspace=? and resource_type=?  
[DEBUG][2021-04-16 09:32:02][main] org.apache.ibatis.logging.jdbc.BaseJdbcLogger.debug(BaseJdbcLogger.java:159) ==> Parameters: 加工(String), 机床(String) 
[DEBUG][2021-04-16 09:32:02][main] org.apache.ibatis.logging.jdbc.BaseJdbcLogger.debug(BaseJdbcLogger.java:159) <==      Total: 1 
[DEBUG][2021-04-16 09:32:02][main] org.mybatis.spring.SqlSessionUtils.closeSqlSession(SqlSessionUtils.java:188) Releasing transactional SqlSession [org.apache.ibatis.session.defaults.DefaultSqlSession@159e366] 
[DEBUG][2021-04-16 09:32:02][main] org.mybatis.spring.SqlSessionUtils.sessionHolder(SqlSessionUtils.java:165) Fetched SqlSession [org.apache.ibatis.session.defaults.DefaultSqlSession@159e366] from current transaction 
[DEBUG][2021-04-16 09:32:02][main] org.apache.ibatis.logging.jdbc.BaseJdbcLogger.debug(BaseJdbcLogger.java:159) ==>  Preparing: select count(*) as amount, workspace as "workspace",resource_type as "resource_type" from resource where workspace=? and resource_type=?  
[DEBUG][2021-04-16 09:32:02][main] org.apache.ibatis.logging.jdbc.BaseJdbcLogger.debug(BaseJdbcLogger.java:159) ==> Parameters: 加工(String), 高级机床(String) 
[DEBUG][2021-04-16 09:32:02][main] org.apache.ibatis.logging.jdbc.BaseJdbcLogger.debug(BaseJdbcLogger.java:159) <==      Total: 1 
[DEBUG][2021-04-16 09:32:02][main] org.mybatis.spring.SqlSessionUtils.closeSqlSession(SqlSessionUtils.java:188) Releasing transactional SqlSession [org.apache.ibatis.session.defaults.DefaultSqlSession@159e366] 
[DEBUG][2021-04-16 09:32:02][main] org.mybatis.spring.SqlSessionUtils.sessionHolder(SqlSessionUtils.java:165) Fetched SqlSession [org.apache.ibatis.session.defaults.DefaultSqlSession@159e366] from current transaction 
[DEBUG][2021-04-16 09:32:02][main] org.apache.ibatis.logging.jdbc.BaseJdbcLogger.debug(BaseJdbcLogger.java:159) ==>  Preparing: select count(*) as amount, workspace as "workspace",resource_type as "resource_type" from resource where workspace=? and resource_type=?  
[DEBUG][2021-04-16 09:32:02][main] org.apache.ibatis.logging.jdbc.BaseJdbcLogger.debug(BaseJdbcLogger.java:159) ==> Parameters: 加工(String), 人员(String) 
[DEBUG][2021-04-16 09:32:02][main] org.apache.ibatis.logging.jdbc.BaseJdbcLogger.debug(BaseJdbcLogger.java:159) <==      Total: 1 
[DEBUG][2021-04-16 09:32:02][main] org.mybatis.spring.SqlSessionUtils.closeSqlSession(SqlSessionUtils.java:188) Releasing transactional SqlSession [org.apache.ibatis.session.defaults.DefaultSqlSession@159e366] 
[DEBUG][2021-04-16 09:32:02][main] org.mybatis.spring.SqlSessionUtils.sessionHolder(SqlSessionUtils.java:165) Fetched SqlSession [org.apache.ibatis.session.defaults.DefaultSqlSession@159e366] from current transaction 
[DEBUG][2021-04-16 09:32:02][main] org.apache.ibatis.logging.jdbc.BaseJdbcLogger.debug(BaseJdbcLogger.java:159) ==>  Preparing: select count(*) as amount, workspace as "workspace",resource_type as "resource_type" from resource where workspace=? and resource_type=?  
[DEBUG][2021-04-16 09:32:02][main] org.apache.ibatis.logging.jdbc.BaseJdbcLogger.debug(BaseJdbcLogger.java:159) ==> Parameters: 加工(String), 高级人员(String) 
[DEBUG][2021-04-16 09:32:02][main] org.apache.ibatis.logging.jdbc.BaseJdbcLogger.debug(BaseJdbcLogger.java:159) <==      Total: 1 
[DEBUG][2021-04-16 09:32:02][main] org.mybatis.spring.SqlSessionUtils.closeSqlSession(SqlSessionUtils.java:188) Releasing transactional SqlSession [org.apache.ibatis.session.defaults.DefaultSqlSession@159e366] 
[DEBUG][2021-04-16 09:32:02][main] org.mybatis.spring.SqlSessionUtils.sessionHolder(SqlSessionUtils.java:165) Fetched SqlSession [org.apache.ibatis.session.defaults.DefaultSqlSession@159e366] from current transaction 
[DEBUG][2021-04-16 09:32:02][main] org.apache.ibatis.logging.jdbc.BaseJdbcLogger.debug(BaseJdbcLogger.java:159) ==>  Preparing: select count(*) as amount, workspace as "workspace",resource_type as "resource_type" from resource where workspace=? and resource_type=?  
[DEBUG][2021-04-16 09:32:02][main] org.apache.ibatis.logging.jdbc.BaseJdbcLogger.debug(BaseJdbcLogger.java:159) ==> Parameters: 加工(String), 设备(String) 
[DEBUG][2021-04-16 09:32:02][main] org.apache.ibatis.logging.jdbc.BaseJdbcLogger.debug(BaseJdbcLogger.java:159) <==      Total: 1 
[DEBUG][2021-04-16 09:32:02][main] org.mybatis.spring.SqlSessionUtils.closeSqlSession(SqlSessionUtils.java:188) Releasing transactional SqlSession [org.apache.ibatis.session.defaults.DefaultSqlSession@159e366] 
[DEBUG][2021-04-16 09:32:02][main] org.mybatis.spring.SqlSessionUtils.sessionHolder(SqlSessionUtils.java:165) Fetched SqlSession [org.apache.ibatis.session.defaults.DefaultSqlSession@159e366] from current transaction 
[DEBUG][2021-04-16 09:32:02][main] org.apache.ibatis.logging.jdbc.BaseJdbcLogger.debug(BaseJdbcLogger.java:159) ==>  Preparing: select count(*) as amount, workspace as "workspace",resource_type as "resource_type" from resource where workspace=? and resource_type=?  
[DEBUG][2021-04-16 09:32:02][main] org.apache.ibatis.logging.jdbc.BaseJdbcLogger.debug(BaseJdbcLogger.java:159) ==> Parameters: 加工(String), 高级设备(String) 
[DEBUG][2021-04-16 09:32:02][main] org.apache.ibatis.logging.jdbc.BaseJdbcLogger.debug(BaseJdbcLogger.java:159) <==      Total: 1 
[DEBUG][2021-04-16 09:32:02][main] org.mybatis.spring.SqlSessionUtils.closeSqlSession(SqlSessionUtils.java:188) Releasing transactional SqlSession [org.apache.ibatis.session.defaults.DefaultSqlSession@159e366] 
[DEBUG][2021-04-16 09:32:02][main] org.mybatis.spring.SqlSessionUtils.sessionHolder(SqlSessionUtils.java:165) Fetched SqlSession [org.apache.ibatis.session.defaults.DefaultSqlSession@159e366] from current transaction 
[DEBUG][2021-04-16 09:32:02][main] org.apache.ibatis.logging.jdbc.BaseJdbcLogger.debug(BaseJdbcLogger.java:159) ==>  Preparing: select count(*) as amount, workspace as "workspace",resource_type as "resource_type" from resource where workspace=? and resource_type=?  
[DEBUG][2021-04-16 09:32:02][main] org.apache.ibatis.logging.jdbc.BaseJdbcLogger.debug(BaseJdbcLogger.java:159) ==> Parameters: 装配(String), 机床(String) 
[DEBUG][2021-04-16 09:32:02][main] org.apache.ibatis.logging.jdbc.BaseJdbcLogger.debug(BaseJdbcLogger.java:159) <==      Total: 1 
[DEBUG][2021-04-16 09:32:02][main] org.mybatis.spring.SqlSessionUtils.closeSqlSession(SqlSessionUtils.java:188) Releasing transactional SqlSession [org.apache.ibatis.session.defaults.DefaultSqlSession@159e366] 
[DEBUG][2021-04-16 09:32:02][main] org.mybatis.spring.SqlSessionUtils.sessionHolder(SqlSessionUtils.java:165) Fetched SqlSession [org.apache.ibatis.session.defaults.DefaultSqlSession@159e366] from current transaction 
[DEBUG][2021-04-16 09:32:02][main] org.apache.ibatis.logging.jdbc.BaseJdbcLogger.debug(BaseJdbcLogger.java:159) ==>  Preparing: select count(*) as amount, workspace as "workspace",resource_type as "resource_type" from resource where workspace=? and resource_type=?  
[DEBUG][2021-04-16 09:32:02][main] org.apache.ibatis.logging.jdbc.BaseJdbcLogger.debug(BaseJdbcLogger.java:159) ==> Parameters: 装配(String), 高级机床(String) 
[DEBUG][2021-04-16 09:32:02][main] org.apache.ibatis.logging.jdbc.BaseJdbcLogger.debug(BaseJdbcLogger.java:159) <==      Total: 1 
[DEBUG][2021-04-16 09:32:02][main] org.mybatis.spring.SqlSessionUtils.closeSqlSession(SqlSessionUtils.java:188) Releasing transactional SqlSession [org.apache.ibatis.session.defaults.DefaultSqlSession@159e366] 
[DEBUG][2021-04-16 09:32:02][main] org.mybatis.spring.SqlSessionUtils.sessionHolder(SqlSessionUtils.java:165) Fetched SqlSession [org.apache.ibatis.session.defaults.DefaultSqlSession@159e366] from current transaction 
[DEBUG][2021-04-16 09:32:02][main] org.apache.ibatis.logging.jdbc.BaseJdbcLogger.debug(BaseJdbcLogger.java:159) ==>  Preparing: select count(*) as amount, workspace as "workspace",resource_type as "resource_type" from resource where workspace=? and resource_type=?  
[DEBUG][2021-04-16 09:32:02][main] org.apache.ibatis.logging.jdbc.BaseJdbcLogger.debug(BaseJdbcLogger.java:159) ==> Parameters: 装配(String), 人员(String) 
[DEBUG][2021-04-16 09:32:02][main] org.apache.ibatis.logging.jdbc.BaseJdbcLogger.debug(BaseJdbcLogger.java:159) <==      Total: 1 
[DEBUG][2021-04-16 09:32:02][main] org.mybatis.spring.SqlSessionUtils.closeSqlSession(SqlSessionUtils.java:188) Releasing transactional SqlSession [org.apache.ibatis.session.defaults.DefaultSqlSession@159e366] 
[DEBUG][2021-04-16 09:32:02][main] org.mybatis.spring.SqlSessionUtils.sessionHolder(SqlSessionUtils.java:165) Fetched SqlSession [org.apache.ibatis.session.defaults.DefaultSqlSession@159e366] from current transaction 
[DEBUG][2021-04-16 09:32:02][main] org.apache.ibatis.logging.jdbc.BaseJdbcLogger.debug(BaseJdbcLogger.java:159) ==>  Preparing: select count(*) as amount, workspace as "workspace",resource_type as "resource_type" from resource where workspace=? and resource_type=?  
[DEBUG][2021-04-16 09:32:02][main] org.apache.ibatis.logging.jdbc.BaseJdbcLogger.debug(BaseJdbcLogger.java:159) ==> Parameters: 装配(String), 高级人员(String) 
[DEBUG][2021-04-16 09:32:02][main] org.apache.ibatis.logging.jdbc.BaseJdbcLogger.debug(BaseJdbcLogger.java:159) <==      Total: 1 
[DEBUG][2021-04-16 09:32:02][main] org.mybatis.spring.SqlSessionUtils.closeSqlSession(SqlSessionUtils.java:188) Releasing transactional SqlSession [org.apache.ibatis.session.defaults.DefaultSqlSession@159e366] 
[DEBUG][2021-04-16 09:32:02][main] org.mybatis.spring.SqlSessionUtils.sessionHolder(SqlSessionUtils.java:165) Fetched SqlSession [org.apache.ibatis.session.defaults.DefaultSqlSession@159e366] from current transaction 
[DEBUG][2021-04-16 09:32:02][main] org.apache.ibatis.logging.jdbc.BaseJdbcLogger.debug(BaseJdbcLogger.java:159) ==>  Preparing: select count(*) as amount, workspace as "workspace",resource_type as "resource_type" from resource where workspace=? and resource_type=?  
[DEBUG][2021-04-16 09:32:02][main] org.apache.ibatis.logging.jdbc.BaseJdbcLogger.debug(BaseJdbcLogger.java:159) ==> Parameters: 装配(String), 设备(String) 
[DEBUG][2021-04-16 09:32:02][main] org.apache.ibatis.logging.jdbc.BaseJdbcLogger.debug(BaseJdbcLogger.java:159) <==      Total: 1 
[DEBUG][2021-04-16 09:32:02][main] org.mybatis.spring.SqlSessionUtils.closeSqlSession(SqlSessionUtils.java:188) Releasing transactional SqlSession [org.apache.ibatis.session.defaults.DefaultSqlSession@159e366] 
[DEBUG][2021-04-16 09:32:02][main] org.mybatis.spring.SqlSessionUtils.sessionHolder(SqlSessionUtils.java:165) Fetched SqlSession [org.apache.ibatis.session.defaults.DefaultSqlSession@159e366] from current transaction 
[DEBUG][2021-04-16 09:32:02][main] org.apache.ibatis.logging.jdbc.BaseJdbcLogger.debug(BaseJdbcLogger.java:159) ==>  Preparing: select count(*) as amount, workspace as "workspace",resource_type as "resource_type" from resource where workspace=? and resource_type=?  
[DEBUG][2021-04-16 09:32:02][main] org.apache.ibatis.logging.jdbc.BaseJdbcLogger.debug(BaseJdbcLogger.java:159) ==> Parameters: 装配(String), 高级设备(String) 
[DEBUG][2021-04-16 09:32:02][main] org.apache.ibatis.logging.jdbc.BaseJdbcLogger.debug(BaseJdbcLogger.java:159) <==      Total: 1 
[DEBUG][2021-04-16 09:32:02][main] org.mybatis.spring.SqlSessionUtils.closeSqlSession(SqlSessionUtils.java:188) Releasing transactional SqlSession [org.apache.ibatis.session.defaults.DefaultSqlSession@159e366] 
[DEBUG][2021-04-16 09:32:02][main] org.mybatis.spring.SqlSessionUtils$SqlSessionSynchronization.beforeCommit(SqlSessionUtils.java:286) Transaction synchronization committing SqlSession [org.apache.ibatis.session.defaults.DefaultSqlSession@159e366] 
[DEBUG][2021-04-16 09:32:02][main] org.mybatis.spring.SqlSessionUtils$SqlSessionSynchronization.beforeCompletion(SqlSessionUtils.java:312) Transaction synchronization deregistering SqlSession [org.apache.ibatis.session.defaults.DefaultSqlSession@159e366] 
[DEBUG][2021-04-16 09:32:02][main] org.mybatis.spring.SqlSessionUtils$SqlSessionSynchronization.beforeCompletion(SqlSessionUtils.java:317) Transaction synchronization closing SqlSession [org.apache.ibatis.session.defaults.DefaultSqlSession@159e366] 
[DEBUG][2021-04-16 09:32:49][main] org.mybatis.spring.SqlSessionFactoryBean.buildSqlSessionFactory(SqlSessionFactoryBean.java:496) Parsed configuration file: 'class path resource [mybatis-config.xml]' 
[DEBUG][2021-04-16 09:32:49][main] org.mybatis.spring.SqlSessionFactoryBean.buildSqlSessionFactory(SqlSessionFactoryBean.java:528) Parsed mapper file: 'file [D:\ideaku\paichan\target\classes\mapper\DistriProcessMapper.xml]' 
[DEBUG][2021-04-16 09:32:49][main] org.mybatis.spring.SqlSessionFactoryBean.buildSqlSessionFactory(SqlSessionFactoryBean.java:528) Parsed mapper file: 'file [D:\ideaku\paichan\target\classes\mapper\NeedResourceMapper.xml]' 
[DEBUG][2021-04-16 09:32:49][main] org.mybatis.spring.SqlSessionFactoryBean.buildSqlSessionFactory(SqlSessionFactoryBean.java:528) Parsed mapper file: 'file [D:\ideaku\paichan\target\classes\mapper\OrderMapper.xml]' 
[DEBUG][2021-04-16 09:32:49][main] org.mybatis.spring.SqlSessionFactoryBean.buildSqlSessionFactory(SqlSessionFactoryBean.java:528) Parsed mapper file: 'file [D:\ideaku\paichan\target\classes\mapper\ProcessMapper.xml]' 
[DEBUG][2021-04-16 09:32:49][main] org.mybatis.spring.SqlSessionFactoryBean.buildSqlSessionFactory(SqlSessionFactoryBean.java:528) Parsed mapper file: 'file [D:\ideaku\paichan\target\classes\mapper\ProductMapper.xml]' 
[DEBUG][2021-04-16 09:32:49][main] org.mybatis.spring.SqlSessionFactoryBean.buildSqlSessionFactory(SqlSessionFactoryBean.java:528) Parsed mapper file: 'file [D:\ideaku\paichan\target\classes\mapper\RealProductMapper.xml]' 
[DEBUG][2021-04-16 09:32:49][main] org.mybatis.spring.SqlSessionFactoryBean.buildSqlSessionFactory(SqlSessionFactoryBean.java:528) Parsed mapper file: 'file [D:\ideaku\paichan\target\classes\mapper\ResourceMapper.xml]' 
[DEBUG][2021-04-16 09:32:49][main] org.mybatis.spring.SqlSessionFactoryBean.buildSqlSessionFactory(SqlSessionFactoryBean.java:528) Parsed mapper file: 'file [D:\ideaku\paichan\target\classes\mapper\SemiProductMapper.xml]' 
[DEBUG][2021-04-16 09:32:50][main] org.mybatis.spring.SqlSessionUtils.getSqlSession(SqlSessionUtils.java:99) Creating a new SqlSession 
[DEBUG][2021-04-16 09:32:50][main] org.mybatis.spring.SqlSessionUtils.registerSessionHolder(SqlSessionUtils.java:130) Registering transaction synchronization for SqlSession [org.apache.ibatis.session.defaults.DefaultSqlSession@159e366] 
[DEBUG][2021-04-16 09:32:50][main] org.mybatis.spring.transaction.SpringManagedTransaction.openConnection(SpringManagedTransaction.java:89) JDBC Connection [498134055, URL=jdbc:mysql://localhost:3306/schedule?useUnicode=true&characterEncoding=utf8&serverTimezone=UTC&useSSL=false, MySQL Connector Java] will be managed by Spring 
[DEBUG][2021-04-16 09:32:50][main] org.apache.ibatis.logging.jdbc.BaseJdbcLogger.debug(BaseJdbcLogger.java:159) ==>  Preparing: select count(*) as amount, workspace as "workspace",resource_type as "resource_type" from resource where workspace=? and resource_type=?  
[DEBUG][2021-04-16 09:32:50][main] org.apache.ibatis.logging.jdbc.BaseJdbcLogger.debug(BaseJdbcLogger.java:159) ==> Parameters: 加工(String), 机床(String) 
[DEBUG][2021-04-16 09:32:50][main] org.apache.ibatis.logging.jdbc.BaseJdbcLogger.debug(BaseJdbcLogger.java:159) <==      Total: 1 
[DEBUG][2021-04-16 09:32:50][main] org.mybatis.spring.SqlSessionUtils.closeSqlSession(SqlSessionUtils.java:188) Releasing transactional SqlSession [org.apache.ibatis.session.defaults.DefaultSqlSession@159e366] 
[DEBUG][2021-04-16 09:32:50][main] org.mybatis.spring.SqlSessionUtils.sessionHolder(SqlSessionUtils.java:165) Fetched SqlSession [org.apache.ibatis.session.defaults.DefaultSqlSession@159e366] from current transaction 
[DEBUG][2021-04-16 09:32:50][main] org.apache.ibatis.logging.jdbc.BaseJdbcLogger.debug(BaseJdbcLogger.java:159) ==>  Preparing: select count(*) as amount, workspace as "workspace",resource_type as "resource_type" from resource where workspace=? and resource_type=?  
[DEBUG][2021-04-16 09:32:50][main] org.apache.ibatis.logging.jdbc.BaseJdbcLogger.debug(BaseJdbcLogger.java:159) ==> Parameters: 加工(String), 高级机床(String) 
[DEBUG][2021-04-16 09:32:50][main] org.apache.ibatis.logging.jdbc.BaseJdbcLogger.debug(BaseJdbcLogger.java:159) <==      Total: 1 
[DEBUG][2021-04-16 09:32:50][main] org.mybatis.spring.SqlSessionUtils.closeSqlSession(SqlSessionUtils.java:188) Releasing transactional SqlSession [org.apache.ibatis.session.defaults.DefaultSqlSession@159e366] 
[DEBUG][2021-04-16 09:32:50][main] org.mybatis.spring.SqlSessionUtils.sessionHolder(SqlSessionUtils.java:165) Fetched SqlSession [org.apache.ibatis.session.defaults.DefaultSqlSession@159e366] from current transaction 
[DEBUG][2021-04-16 09:32:50][main] org.apache.ibatis.logging.jdbc.BaseJdbcLogger.debug(BaseJdbcLogger.java:159) ==>  Preparing: select count(*) as amount, workspace as "workspace",resource_type as "resource_type" from resource where workspace=? and resource_type=?  
[DEBUG][2021-04-16 09:32:50][main] org.apache.ibatis.logging.jdbc.BaseJdbcLogger.debug(BaseJdbcLogger.java:159) ==> Parameters: 加工(String), 人员(String) 
[DEBUG][2021-04-16 09:32:50][main] org.apache.ibatis.logging.jdbc.BaseJdbcLogger.debug(BaseJdbcLogger.java:159) <==      Total: 1 
[DEBUG][2021-04-16 09:32:50][main] org.mybatis.spring.SqlSessionUtils.closeSqlSession(SqlSessionUtils.java:188) Releasing transactional SqlSession [org.apache.ibatis.session.defaults.DefaultSqlSession@159e366] 
[DEBUG][2021-04-16 09:32:50][main] org.mybatis.spring.SqlSessionUtils.sessionHolder(SqlSessionUtils.java:165) Fetched SqlSession [org.apache.ibatis.session.defaults.DefaultSqlSession@159e366] from current transaction 
[DEBUG][2021-04-16 09:32:50][main] org.apache.ibatis.logging.jdbc.BaseJdbcLogger.debug(BaseJdbcLogger.java:159) ==>  Preparing: select count(*) as amount, workspace as "workspace",resource_type as "resource_type" from resource where workspace=? and resource_type=?  
[DEBUG][2021-04-16 09:32:50][main] org.apache.ibatis.logging.jdbc.BaseJdbcLogger.debug(BaseJdbcLogger.java:159) ==> Parameters: 加工(String), 高级人员(String) 
[DEBUG][2021-04-16 09:32:50][main] org.apache.ibatis.logging.jdbc.BaseJdbcLogger.debug(BaseJdbcLogger.java:159) <==      Total: 1 
[DEBUG][2021-04-16 09:32:50][main] org.mybatis.spring.SqlSessionUtils.closeSqlSession(SqlSessionUtils.java:188) Releasing transactional SqlSession [org.apache.ibatis.session.defaults.DefaultSqlSession@159e366] 
[DEBUG][2021-04-16 09:32:50][main] org.mybatis.spring.SqlSessionUtils.sessionHolder(SqlSessionUtils.java:165) Fetched SqlSession [org.apache.ibatis.session.defaults.DefaultSqlSession@159e366] from current transaction 
[DEBUG][2021-04-16 09:32:50][main] org.apache.ibatis.logging.jdbc.BaseJdbcLogger.debug(BaseJdbcLogger.java:159) ==>  Preparing: select count(*) as amount, workspace as "workspace",resource_type as "resource_type" from resource where workspace=? and resource_type=?  
[DEBUG][2021-04-16 09:32:50][main] org.apache.ibatis.logging.jdbc.BaseJdbcLogger.debug(BaseJdbcLogger.java:159) ==> Parameters: 加工(String), 设备(String) 
[DEBUG][2021-04-16 09:32:50][main] org.apache.ibatis.logging.jdbc.BaseJdbcLogger.debug(BaseJdbcLogger.java:159) <==      Total: 1 
[DEBUG][2021-04-16 09:32:50][main] org.mybatis.spring.SqlSessionUtils.closeSqlSession(SqlSessionUtils.java:188) Releasing transactional SqlSession [org.apache.ibatis.session.defaults.DefaultSqlSession@159e366] 
[DEBUG][2021-04-16 09:32:50][main] org.mybatis.spring.SqlSessionUtils.sessionHolder(SqlSessionUtils.java:165) Fetched SqlSession [org.apache.ibatis.session.defaults.DefaultSqlSession@159e366] from current transaction 
[DEBUG][2021-04-16 09:32:50][main] org.apache.ibatis.logging.jdbc.BaseJdbcLogger.debug(BaseJdbcLogger.java:159) ==>  Preparing: select count(*) as amount, workspace as "workspace",resource_type as "resource_type" from resource where workspace=? and resource_type=?  
[DEBUG][2021-04-16 09:32:50][main] org.apache.ibatis.logging.jdbc.BaseJdbcLogger.debug(BaseJdbcLogger.java:159) ==> Parameters: 加工(String), 高级设备(String) 
[DEBUG][2021-04-16 09:32:50][main] org.apache.ibatis.logging.jdbc.BaseJdbcLogger.debug(BaseJdbcLogger.java:159) <==      Total: 1 
[DEBUG][2021-04-16 09:32:50][main] org.mybatis.spring.SqlSessionUtils.closeSqlSession(SqlSessionUtils.java:188) Releasing transactional SqlSession [org.apache.ibatis.session.defaults.DefaultSqlSession@159e366] 
[DEBUG][2021-04-16 09:32:50][main] org.mybatis.spring.SqlSessionUtils.sessionHolder(SqlSessionUtils.java:165) Fetched SqlSession [org.apache.ibatis.session.defaults.DefaultSqlSession@159e366] from current transaction 
[DEBUG][2021-04-16 09:32:50][main] org.apache.ibatis.logging.jdbc.BaseJdbcLogger.debug(BaseJdbcLogger.java:159) ==>  Preparing: select count(*) as amount, workspace as "workspace",resource_type as "resource_type" from resource where workspace=? and resource_type=?  
[DEBUG][2021-04-16 09:32:50][main] org.apache.ibatis.logging.jdbc.BaseJdbcLogger.debug(BaseJdbcLogger.java:159) ==> Parameters: 装配(String), 机床(String) 
[DEBUG][2021-04-16 09:32:50][main] org.apache.ibatis.logging.jdbc.BaseJdbcLogger.debug(BaseJdbcLogger.java:159) <==      Total: 1 
[DEBUG][2021-04-16 09:32:50][main] org.mybatis.spring.SqlSessionUtils.closeSqlSession(SqlSessionUtils.java:188) Releasing transactional SqlSession [org.apache.ibatis.session.defaults.DefaultSqlSession@159e366] 
[DEBUG][2021-04-16 09:32:50][main] org.mybatis.spring.SqlSessionUtils.sessionHolder(SqlSessionUtils.java:165) Fetched SqlSession [org.apache.ibatis.session.defaults.DefaultSqlSession@159e366] from current transaction 
[DEBUG][2021-04-16 09:32:50][main] org.apache.ibatis.logging.jdbc.BaseJdbcLogger.debug(BaseJdbcLogger.java:159) ==>  Preparing: select count(*) as amount, workspace as "workspace",resource_type as "resource_type" from resource where workspace=? and resource_type=?  
[DEBUG][2021-04-16 09:32:50][main] org.apache.ibatis.logging.jdbc.BaseJdbcLogger.debug(BaseJdbcLogger.java:159) ==> Parameters: 装配(String), 高级机床(String) 
[DEBUG][2021-04-16 09:32:50][main] org.apache.ibatis.logging.jdbc.BaseJdbcLogger.debug(BaseJdbcLogger.java:159) <==      Total: 1 
[DEBUG][2021-04-16 09:32:50][main] org.mybatis.spring.SqlSessionUtils.closeSqlSession(SqlSessionUtils.java:188) Releasing transactional SqlSession [org.apache.ibatis.session.defaults.DefaultSqlSession@159e366] 
[DEBUG][2021-04-16 09:32:50][main] org.mybatis.spring.SqlSessionUtils.sessionHolder(SqlSessionUtils.java:165) Fetched SqlSession [org.apache.ibatis.session.defaults.DefaultSqlSession@159e366] from current transaction 
[DEBUG][2021-04-16 09:32:50][main] org.apache.ibatis.logging.jdbc.BaseJdbcLogger.debug(BaseJdbcLogger.java:159) ==>  Preparing: select count(*) as amount, workspace as "workspace",resource_type as "resource_type" from resource where workspace=? and resource_type=?  
[DEBUG][2021-04-16 09:32:50][main] org.apache.ibatis.logging.jdbc.BaseJdbcLogger.debug(BaseJdbcLogger.java:159) ==> Parameters: 装配(String), 人员(String) 
[DEBUG][2021-04-16 09:32:50][main] org.apache.ibatis.logging.jdbc.BaseJdbcLogger.debug(BaseJdbcLogger.java:159) <==      Total: 1 
[DEBUG][2021-04-16 09:32:50][main] org.mybatis.spring.SqlSessionUtils.closeSqlSession(SqlSessionUtils.java:188) Releasing transactional SqlSession [org.apache.ibatis.session.defaults.DefaultSqlSession@159e366] 
[DEBUG][2021-04-16 09:32:50][main] org.mybatis.spring.SqlSessionUtils.sessionHolder(SqlSessionUtils.java:165) Fetched SqlSession [org.apache.ibatis.session.defaults.DefaultSqlSession@159e366] from current transaction 
[DEBUG][2021-04-16 09:32:50][main] org.apache.ibatis.logging.jdbc.BaseJdbcLogger.debug(BaseJdbcLogger.java:159) ==>  Preparing: select count(*) as amount, workspace as "workspace",resource_type as "resource_type" from resource where workspace=? and resource_type=?  
[DEBUG][2021-04-16 09:32:50][main] org.apache.ibatis.logging.jdbc.BaseJdbcLogger.debug(BaseJdbcLogger.java:159) ==> Parameters: 装配(String), 高级人员(String) 
[DEBUG][2021-04-16 09:32:50][main] org.apache.ibatis.logging.jdbc.BaseJdbcLogger.debug(BaseJdbcLogger.java:159) <==      Total: 1 
[DEBUG][2021-04-16 09:32:50][main] org.mybatis.spring.SqlSessionUtils.closeSqlSession(SqlSessionUtils.java:188) Releasing transactional SqlSession [org.apache.ibatis.session.defaults.DefaultSqlSession@159e366] 
[DEBUG][2021-04-16 09:32:50][main] org.mybatis.spring.SqlSessionUtils.sessionHolder(SqlSessionUtils.java:165) Fetched SqlSession [org.apache.ibatis.session.defaults.DefaultSqlSession@159e366] from current transaction 
[DEBUG][2021-04-16 09:32:50][main] org.apache.ibatis.logging.jdbc.BaseJdbcLogger.debug(BaseJdbcLogger.java:159) ==>  Preparing: select count(*) as amount, workspace as "workspace",resource_type as "resource_type" from resource where workspace=? and resource_type=?  
[DEBUG][2021-04-16 09:32:50][main] org.apache.ibatis.logging.jdbc.BaseJdbcLogger.debug(BaseJdbcLogger.java:159) ==> Parameters: 装配(String), 设备(String) 
[DEBUG][2021-04-16 09:32:50][main] org.apache.ibatis.logging.jdbc.BaseJdbcLogger.debug(BaseJdbcLogger.java:159) <==      Total: 1 
[DEBUG][2021-04-16 09:32:50][main] org.mybatis.spring.SqlSessionUtils.closeSqlSession(SqlSessionUtils.java:188) Releasing transactional SqlSession [org.apache.ibatis.session.defaults.DefaultSqlSession@159e366] 
[DEBUG][2021-04-16 09:32:50][main] org.mybatis.spring.SqlSessionUtils.sessionHolder(SqlSessionUtils.java:165) Fetched SqlSession [org.apache.ibatis.session.defaults.DefaultSqlSession@159e366] from current transaction 
[DEBUG][2021-04-16 09:32:50][main] org.apache.ibatis.logging.jdbc.BaseJdbcLogger.debug(BaseJdbcLogger.java:159) ==>  Preparing: select count(*) as amount, workspace as "workspace",resource_type as "resource_type" from resource where workspace=? and resource_type=?  
[DEBUG][2021-04-16 09:32:50][main] org.apache.ibatis.logging.jdbc.BaseJdbcLogger.debug(BaseJdbcLogger.java:159) ==> Parameters: 装配(String), 高级设备(String) 
[DEBUG][2021-04-16 09:32:50][main] org.apache.ibatis.logging.jdbc.BaseJdbcLogger.debug(BaseJdbcLogger.java:159) <==      Total: 1 
[DEBUG][2021-04-16 09:32:50][main] org.mybatis.spring.SqlSessionUtils.closeSqlSession(SqlSessionUtils.java:188) Releasing transactional SqlSession [org.apache.ibatis.session.defaults.DefaultSqlSession@159e366] 
[DEBUG][2021-04-16 09:32:50][main] org.mybatis.spring.SqlSessionUtils$SqlSessionSynchronization.beforeCommit(SqlSessionUtils.java:286) Transaction synchronization committing SqlSession [org.apache.ibatis.session.defaults.DefaultSqlSession@159e366] 
[DEBUG][2021-04-16 09:32:50][main] org.mybatis.spring.SqlSessionUtils$SqlSessionSynchronization.beforeCompletion(SqlSessionUtils.java:312) Transaction synchronization deregistering SqlSession [org.apache.ibatis.session.defaults.DefaultSqlSession@159e366] 
[DEBUG][2021-04-16 09:32:50][main] org.mybatis.spring.SqlSessionUtils$SqlSessionSynchronization.beforeCompletion(SqlSessionUtils.java:317) Transaction synchronization closing SqlSession [org.apache.ibatis.session.defaults.DefaultSqlSession@159e366] 
[DEBUG][2021-04-16 09:37:34][main] org.mybatis.spring.SqlSessionFactoryBean.buildSqlSessionFactory(SqlSessionFactoryBean.java:496) Parsed configuration file: 'class path resource [mybatis-config.xml]' 
[DEBUG][2021-04-16 09:37:34][main] org.mybatis.spring.SqlSessionFactoryBean.buildSqlSessionFactory(SqlSessionFactoryBean.java:528) Parsed mapper file: 'file [D:\ideaku\paichan\target\classes\mapper\DistriProcessMapper.xml]' 
[DEBUG][2021-04-16 09:37:34][main] org.mybatis.spring.SqlSessionFactoryBean.buildSqlSessionFactory(SqlSessionFactoryBean.java:528) Parsed mapper file: 'file [D:\ideaku\paichan\target\classes\mapper\NeedResourceMapper.xml]' 
[DEBUG][2021-04-16 09:37:34][main] org.mybatis.spring.SqlSessionFactoryBean.buildSqlSessionFactory(SqlSessionFactoryBean.java:528) Parsed mapper file: 'file [D:\ideaku\paichan\target\classes\mapper\OrderMapper.xml]' 
[DEBUG][2021-04-16 09:37:34][main] org.mybatis.spring.SqlSessionFactoryBean.buildSqlSessionFactory(SqlSessionFactoryBean.java:528) Parsed mapper file: 'file [D:\ideaku\paichan\target\classes\mapper\ProcessMapper.xml]' 
[DEBUG][2021-04-16 09:37:34][main] org.mybatis.spring.SqlSessionFactoryBean.buildSqlSessionFactory(SqlSessionFactoryBean.java:528) Parsed mapper file: 'file [D:\ideaku\paichan\target\classes\mapper\ProductMapper.xml]' 
[DEBUG][2021-04-16 09:37:34][main] org.mybatis.spring.SqlSessionFactoryBean.buildSqlSessionFactory(SqlSessionFactoryBean.java:528) Parsed mapper file: 'file [D:\ideaku\paichan\target\classes\mapper\RealProductMapper.xml]' 
[DEBUG][2021-04-16 09:37:34][main] org.mybatis.spring.SqlSessionFactoryBean.buildSqlSessionFactory(SqlSessionFactoryBean.java:528) Parsed mapper file: 'file [D:\ideaku\paichan\target\classes\mapper\ResourceMapper.xml]' 
[DEBUG][2021-04-16 09:37:34][main] org.mybatis.spring.SqlSessionFactoryBean.buildSqlSessionFactory(SqlSessionFactoryBean.java:528) Parsed mapper file: 'file [D:\ideaku\paichan\target\classes\mapper\SemiProductMapper.xml]' 
[DEBUG][2021-04-16 09:37:35][main] org.mybatis.spring.SqlSessionUtils.getSqlSession(SqlSessionUtils.java:99) Creating a new SqlSession 
[DEBUG][2021-04-16 09:37:35][main] org.mybatis.spring.SqlSessionUtils.registerSessionHolder(SqlSessionUtils.java:130) Registering transaction synchronization for SqlSession [org.apache.ibatis.session.defaults.DefaultSqlSession@159e366] 
[DEBUG][2021-04-16 09:37:35][main] org.mybatis.spring.transaction.SpringManagedTransaction.openConnection(SpringManagedTransaction.java:89) JDBC Connection [498134055, URL=jdbc:mysql://localhost:3306/schedule?useUnicode=true&characterEncoding=utf8&serverTimezone=UTC&useSSL=false, MySQL Connector Java] will be managed by Spring 
[DEBUG][2021-04-16 09:37:35][main] org.apache.ibatis.logging.jdbc.BaseJdbcLogger.debug(BaseJdbcLogger.java:159) ==>  Preparing: select count(*) as amount, workspace as "workspace",resource_type as "resource_type" from resource where workspace=? and resource_type=?  
[DEBUG][2021-04-16 09:37:35][main] org.apache.ibatis.logging.jdbc.BaseJdbcLogger.debug(BaseJdbcLogger.java:159) ==> Parameters: 加工(String), 机床(String) 
[DEBUG][2021-04-16 09:37:35][main] org.apache.ibatis.logging.jdbc.BaseJdbcLogger.debug(BaseJdbcLogger.java:159) <==      Total: 1 
[DEBUG][2021-04-16 09:37:35][main] org.mybatis.spring.SqlSessionUtils.closeSqlSession(SqlSessionUtils.java:188) Releasing transactional SqlSession [org.apache.ibatis.session.defaults.DefaultSqlSession@159e366] 
[DEBUG][2021-04-16 09:37:35][main] org.mybatis.spring.SqlSessionUtils.sessionHolder(SqlSessionUtils.java:165) Fetched SqlSession [org.apache.ibatis.session.defaults.DefaultSqlSession@159e366] from current transaction 
[DEBUG][2021-04-16 09:37:35][main] org.apache.ibatis.logging.jdbc.BaseJdbcLogger.debug(BaseJdbcLogger.java:159) ==>  Preparing: select count(*) as amount, workspace as "workspace",resource_type as "resource_type" from resource where workspace=? and resource_type=?  
[DEBUG][2021-04-16 09:37:35][main] org.apache.ibatis.logging.jdbc.BaseJdbcLogger.debug(BaseJdbcLogger.java:159) ==> Parameters: 加工(String), 高级机床(String) 
[DEBUG][2021-04-16 09:37:35][main] org.apache.ibatis.logging.jdbc.BaseJdbcLogger.debug(BaseJdbcLogger.java:159) <==      Total: 1 
[DEBUG][2021-04-16 09:37:35][main] org.mybatis.spring.SqlSessionUtils.closeSqlSession(SqlSessionUtils.java:188) Releasing transactional SqlSession [org.apache.ibatis.session.defaults.DefaultSqlSession@159e366] 
[DEBUG][2021-04-16 09:37:35][main] org.mybatis.spring.SqlSessionUtils.sessionHolder(SqlSessionUtils.java:165) Fetched SqlSession [org.apache.ibatis.session.defaults.DefaultSqlSession@159e366] from current transaction 
[DEBUG][2021-04-16 09:37:35][main] org.apache.ibatis.logging.jdbc.BaseJdbcLogger.debug(BaseJdbcLogger.java:159) ==>  Preparing: select count(*) as amount, workspace as "workspace",resource_type as "resource_type" from resource where workspace=? and resource_type=?  
[DEBUG][2021-04-16 09:37:35][main] org.apache.ibatis.logging.jdbc.BaseJdbcLogger.debug(BaseJdbcLogger.java:159) ==> Parameters: 加工(String), 人员(String) 
[DEBUG][2021-04-16 09:37:35][main] org.apache.ibatis.logging.jdbc.BaseJdbcLogger.debug(BaseJdbcLogger.java:159) <==      Total: 1 
[DEBUG][2021-04-16 09:37:35][main] org.mybatis.spring.SqlSessionUtils.closeSqlSession(SqlSessionUtils.java:188) Releasing transactional SqlSession [org.apache.ibatis.session.defaults.DefaultSqlSession@159e366] 
[DEBUG][2021-04-16 09:37:35][main] org.mybatis.spring.SqlSessionUtils.sessionHolder(SqlSessionUtils.java:165) Fetched SqlSession [org.apache.ibatis.session.defaults.DefaultSqlSession@159e366] from current transaction 
[DEBUG][2021-04-16 09:37:35][main] org.apache.ibatis.logging.jdbc.BaseJdbcLogger.debug(BaseJdbcLogger.java:159) ==>  Preparing: select count(*) as amount, workspace as "workspace",resource_type as "resource_type" from resource where workspace=? and resource_type=?  
[DEBUG][2021-04-16 09:37:35][main] org.apache.ibatis.logging.jdbc.BaseJdbcLogger.debug(BaseJdbcLogger.java:159) ==> Parameters: 加工(String), 高级人员(String) 
[DEBUG][2021-04-16 09:37:35][main] org.apache.ibatis.logging.jdbc.BaseJdbcLogger.debug(BaseJdbcLogger.java:159) <==      Total: 1 
[DEBUG][2021-04-16 09:37:35][main] org.mybatis.spring.SqlSessionUtils.closeSqlSession(SqlSessionUtils.java:188) Releasing transactional SqlSession [org.apache.ibatis.session.defaults.DefaultSqlSession@159e366] 
[DEBUG][2021-04-16 09:37:35][main] org.mybatis.spring.SqlSessionUtils.sessionHolder(SqlSessionUtils.java:165) Fetched SqlSession [org.apache.ibatis.session.defaults.DefaultSqlSession@159e366] from current transaction 
[DEBUG][2021-04-16 09:37:35][main] org.apache.ibatis.logging.jdbc.BaseJdbcLogger.debug(BaseJdbcLogger.java:159) ==>  Preparing: select count(*) as amount, workspace as "workspace",resource_type as "resource_type" from resource where workspace=? and resource_type=?  
[DEBUG][2021-04-16 09:37:35][main] org.apache.ibatis.logging.jdbc.BaseJdbcLogger.debug(BaseJdbcLogger.java:159) ==> Parameters: 加工(String), 设备(String) 
[DEBUG][2021-04-16 09:37:35][main] org.apache.ibatis.logging.jdbc.BaseJdbcLogger.debug(BaseJdbcLogger.java:159) <==      Total: 1 
[DEBUG][2021-04-16 09:37:35][main] org.mybatis.spring.SqlSessionUtils.closeSqlSession(SqlSessionUtils.java:188) Releasing transactional SqlSession [org.apache.ibatis.session.defaults.DefaultSqlSession@159e366] 
[DEBUG][2021-04-16 09:37:35][main] org.mybatis.spring.SqlSessionUtils.sessionHolder(SqlSessionUtils.java:165) Fetched SqlSession [org.apache.ibatis.session.defaults.DefaultSqlSession@159e366] from current transaction 
[DEBUG][2021-04-16 09:37:35][main] org.apache.ibatis.logging.jdbc.BaseJdbcLogger.debug(BaseJdbcLogger.java:159) ==>  Preparing: select count(*) as amount, workspace as "workspace",resource_type as "resource_type" from resource where workspace=? and resource_type=?  
[DEBUG][2021-04-16 09:37:35][main] org.apache.ibatis.logging.jdbc.BaseJdbcLogger.debug(BaseJdbcLogger.java:159) ==> Parameters: 加工(String), 高级设备(String) 
[DEBUG][2021-04-16 09:37:35][main] org.apache.ibatis.logging.jdbc.BaseJdbcLogger.debug(BaseJdbcLogger.java:159) <==      Total: 1 
[DEBUG][2021-04-16 09:37:35][main] org.mybatis.spring.SqlSessionUtils.closeSqlSession(SqlSessionUtils.java:188) Releasing transactional SqlSession [org.apache.ibatis.session.defaults.DefaultSqlSession@159e366] 
[DEBUG][2021-04-16 09:37:35][main] org.mybatis.spring.SqlSessionUtils.sessionHolder(SqlSessionUtils.java:165) Fetched SqlSession [org.apache.ibatis.session.defaults.DefaultSqlSession@159e366] from current transaction 
[DEBUG][2021-04-16 09:37:35][main] org.apache.ibatis.logging.jdbc.BaseJdbcLogger.debug(BaseJdbcLogger.java:159) ==>  Preparing: select count(*) as amount, workspace as "workspace",resource_type as "resource_type" from resource where workspace=? and resource_type=?  
[DEBUG][2021-04-16 09:37:35][main] org.apache.ibatis.logging.jdbc.BaseJdbcLogger.debug(BaseJdbcLogger.java:159) ==> Parameters: 装配(String), 机床(String) 
[DEBUG][2021-04-16 09:37:35][main] org.apache.ibatis.logging.jdbc.BaseJdbcLogger.debug(BaseJdbcLogger.java:159) <==      Total: 1 
[DEBUG][2021-04-16 09:37:35][main] org.mybatis.spring.SqlSessionUtils.closeSqlSession(SqlSessionUtils.java:188) Releasing transactional SqlSession [org.apache.ibatis.session.defaults.DefaultSqlSession@159e366] 
[DEBUG][2021-04-16 09:37:35][main] org.mybatis.spring.SqlSessionUtils.sessionHolder(SqlSessionUtils.java:165) Fetched SqlSession [org.apache.ibatis.session.defaults.DefaultSqlSession@159e366] from current transaction 
[DEBUG][2021-04-16 09:37:35][main] org.apache.ibatis.logging.jdbc.BaseJdbcLogger.debug(BaseJdbcLogger.java:159) ==>  Preparing: select count(*) as amount, workspace as "workspace",resource_type as "resource_type" from resource where workspace=? and resource_type=?  
[DEBUG][2021-04-16 09:37:35][main] org.apache.ibatis.logging.jdbc.BaseJdbcLogger.debug(BaseJdbcLogger.java:159) ==> Parameters: 装配(String), 高级机床(String) 
[DEBUG][2021-04-16 09:37:35][main] org.apache.ibatis.logging.jdbc.BaseJdbcLogger.debug(BaseJdbcLogger.java:159) <==      Total: 1 
[DEBUG][2021-04-16 09:37:35][main] org.mybatis.spring.SqlSessionUtils.closeSqlSession(SqlSessionUtils.java:188) Releasing transactional SqlSession [org.apache.ibatis.session.defaults.DefaultSqlSession@159e366] 
[DEBUG][2021-04-16 09:37:35][main] org.mybatis.spring.SqlSessionUtils.sessionHolder(SqlSessionUtils.java:165) Fetched SqlSession [org.apache.ibatis.session.defaults.DefaultSqlSession@159e366] from current transaction 
[DEBUG][2021-04-16 09:37:35][main] org.apache.ibatis.logging.jdbc.BaseJdbcLogger.debug(BaseJdbcLogger.java:159) ==>  Preparing: select count(*) as amount, workspace as "workspace",resource_type as "resource_type" from resource where workspace=? and resource_type=?  
[DEBUG][2021-04-16 09:37:35][main] org.apache.ibatis.logging.jdbc.BaseJdbcLogger.debug(BaseJdbcLogger.java:159) ==> Parameters: 装配(String), 人员(String) 
[DEBUG][2021-04-16 09:37:35][main] org.apache.ibatis.logging.jdbc.BaseJdbcLogger.debug(BaseJdbcLogger.java:159) <==      Total: 1 
[DEBUG][2021-04-16 09:37:35][main] org.mybatis.spring.SqlSessionUtils.closeSqlSession(SqlSessionUtils.java:188) Releasing transactional SqlSession [org.apache.ibatis.session.defaults.DefaultSqlSession@159e366] 
[DEBUG][2021-04-16 09:37:35][main] org.mybatis.spring.SqlSessionUtils.sessionHolder(SqlSessionUtils.java:165) Fetched SqlSession [org.apache.ibatis.session.defaults.DefaultSqlSession@159e366] from current transaction 
[DEBUG][2021-04-16 09:37:35][main] org.apache.ibatis.logging.jdbc.BaseJdbcLogger.debug(BaseJdbcLogger.java:159) ==>  Preparing: select count(*) as amount, workspace as "workspace",resource_type as "resource_type" from resource where workspace=? and resource_type=?  
[DEBUG][2021-04-16 09:37:35][main] org.apache.ibatis.logging.jdbc.BaseJdbcLogger.debug(BaseJdbcLogger.java:159) ==> Parameters: 装配(String), 高级人员(String) 
[DEBUG][2021-04-16 09:37:35][main] org.apache.ibatis.logging.jdbc.BaseJdbcLogger.debug(BaseJdbcLogger.java:159) <==      Total: 1 
[DEBUG][2021-04-16 09:37:35][main] org.mybatis.spring.SqlSessionUtils.closeSqlSession(SqlSessionUtils.java:188) Releasing transactional SqlSession [org.apache.ibatis.session.defaults.DefaultSqlSession@159e366] 
[DEBUG][2021-04-16 09:37:35][main] org.mybatis.spring.SqlSessionUtils.sessionHolder(SqlSessionUtils.java:165) Fetched SqlSession [org.apache.ibatis.session.defaults.DefaultSqlSession@159e366] from current transaction 
[DEBUG][2021-04-16 09:37:35][main] org.apache.ibatis.logging.jdbc.BaseJdbcLogger.debug(BaseJdbcLogger.java:159) ==>  Preparing: select count(*) as amount, workspace as "workspace",resource_type as "resource_type" from resource where workspace=? and resource_type=?  
[DEBUG][2021-04-16 09:37:35][main] org.apache.ibatis.logging.jdbc.BaseJdbcLogger.debug(BaseJdbcLogger.java:159) ==> Parameters: 装配(String), 设备(String) 
[DEBUG][2021-04-16 09:37:35][main] org.apache.ibatis.logging.jdbc.BaseJdbcLogger.debug(BaseJdbcLogger.java:159) <==      Total: 1 
[DEBUG][2021-04-16 09:37:35][main] org.mybatis.spring.SqlSessionUtils.closeSqlSession(SqlSessionUtils.java:188) Releasing transactional SqlSession [org.apache.ibatis.session.defaults.DefaultSqlSession@159e366] 
[DEBUG][2021-04-16 09:37:35][main] org.mybatis.spring.SqlSessionUtils.sessionHolder(SqlSessionUtils.java:165) Fetched SqlSession [org.apache.ibatis.session.defaults.DefaultSqlSession@159e366] from current transaction 
[DEBUG][2021-04-16 09:37:35][main] org.apache.ibatis.logging.jdbc.BaseJdbcLogger.debug(BaseJdbcLogger.java:159) ==>  Preparing: select count(*) as amount, workspace as "workspace",resource_type as "resource_type" from resource where workspace=? and resource_type=?  
[DEBUG][2021-04-16 09:37:35][main] org.apache.ibatis.logging.jdbc.BaseJdbcLogger.debug(BaseJdbcLogger.java:159) ==> Parameters: 装配(String), 高级设备(String) 
[DEBUG][2021-04-16 09:37:35][main] org.apache.ibatis.logging.jdbc.BaseJdbcLogger.debug(BaseJdbcLogger.java:159) <==      Total: 1 
[DEBUG][2021-04-16 09:37:35][main] org.mybatis.spring.SqlSessionUtils.closeSqlSession(SqlSessionUtils.java:188) Releasing transactional SqlSession [org.apache.ibatis.session.defaults.DefaultSqlSession@159e366] 
[DEBUG][2021-04-16 09:37:35][main] org.mybatis.spring.SqlSessionUtils$SqlSessionSynchronization.beforeCommit(SqlSessionUtils.java:286) Transaction synchronization committing SqlSession [org.apache.ibatis.session.defaults.DefaultSqlSession@159e366] 
[DEBUG][2021-04-16 09:37:35][main] org.mybatis.spring.SqlSessionUtils$SqlSessionSynchronization.beforeCompletion(SqlSessionUtils.java:312) Transaction synchronization deregistering SqlSession [org.apache.ibatis.session.defaults.DefaultSqlSession@159e366] 
[DEBUG][2021-04-16 09:37:35][main] org.mybatis.spring.SqlSessionUtils$SqlSessionSynchronization.beforeCompletion(SqlSessionUtils.java:317) Transaction synchronization closing SqlSession [org.apache.ibatis.session.defaults.DefaultSqlSession@159e366] 
[DEBUG][2021-04-16 09:38:00][main] org.mybatis.spring.SqlSessionFactoryBean.buildSqlSessionFactory(SqlSessionFactoryBean.java:496) Parsed configuration file: 'class path resource [mybatis-config.xml]' 
[DEBUG][2021-04-16 09:38:00][main] org.mybatis.spring.SqlSessionFactoryBean.buildSqlSessionFactory(SqlSessionFactoryBean.java:528) Parsed mapper file: 'file [D:\ideaku\paichan\target\classes\mapper\DistriProcessMapper.xml]' 
[DEBUG][2021-04-16 09:38:00][main] org.mybatis.spring.SqlSessionFactoryBean.buildSqlSessionFactory(SqlSessionFactoryBean.java:528) Parsed mapper file: 'file [D:\ideaku\paichan\target\classes\mapper\NeedResourceMapper.xml]' 
[DEBUG][2021-04-16 09:38:00][main] org.mybatis.spring.SqlSessionFactoryBean.buildSqlSessionFactory(SqlSessionFactoryBean.java:528) Parsed mapper file: 'file [D:\ideaku\paichan\target\classes\mapper\OrderMapper.xml]' 
[DEBUG][2021-04-16 09:38:00][main] org.mybatis.spring.SqlSessionFactoryBean.buildSqlSessionFactory(SqlSessionFactoryBean.java:528) Parsed mapper file: 'file [D:\ideaku\paichan\target\classes\mapper\ProcessMapper.xml]' 
[DEBUG][2021-04-16 09:38:00][main] org.mybatis.spring.SqlSessionFactoryBean.buildSqlSessionFactory(SqlSessionFactoryBean.java:528) Parsed mapper file: 'file [D:\ideaku\paichan\target\classes\mapper\ProductMapper.xml]' 
[DEBUG][2021-04-16 09:38:00][main] org.mybatis.spring.SqlSessionFactoryBean.buildSqlSessionFactory(SqlSessionFactoryBean.java:528) Parsed mapper file: 'file [D:\ideaku\paichan\target\classes\mapper\RealProductMapper.xml]' 
[DEBUG][2021-04-16 09:38:00][main] org.mybatis.spring.SqlSessionFactoryBean.buildSqlSessionFactory(SqlSessionFactoryBean.java:528) Parsed mapper file: 'file [D:\ideaku\paichan\target\classes\mapper\ResourceMapper.xml]' 
[DEBUG][2021-04-16 09:38:00][main] org.mybatis.spring.SqlSessionFactoryBean.buildSqlSessionFactory(SqlSessionFactoryBean.java:528) Parsed mapper file: 'file [D:\ideaku\paichan\target\classes\mapper\SemiProductMapper.xml]' 
[DEBUG][2021-04-16 09:38:01][main] org.mybatis.spring.SqlSessionUtils.getSqlSession(SqlSessionUtils.java:99) Creating a new SqlSession 
[DEBUG][2021-04-16 09:38:01][main] org.mybatis.spring.SqlSessionUtils.registerSessionHolder(SqlSessionUtils.java:130) Registering transaction synchronization for SqlSession [org.apache.ibatis.session.defaults.DefaultSqlSession@159e366] 
[DEBUG][2021-04-16 09:38:01][main] org.mybatis.spring.transaction.SpringManagedTransaction.openConnection(SpringManagedTransaction.java:89) JDBC Connection [498134055, URL=jdbc:mysql://localhost:3306/schedule?useUnicode=true&characterEncoding=utf8&serverTimezone=UTC&useSSL=false, MySQL Connector Java] will be managed by Spring 
[DEBUG][2021-04-16 09:38:01][main] org.apache.ibatis.logging.jdbc.BaseJdbcLogger.debug(BaseJdbcLogger.java:159) ==>  Preparing: select count(*) as amount, workspace as "workspace",resource_type as "resource_type" from resource where workspace=? and resource_type=?  
[DEBUG][2021-04-16 09:38:01][main] org.apache.ibatis.logging.jdbc.BaseJdbcLogger.debug(BaseJdbcLogger.java:159) ==> Parameters: 加工(String), 机床(String) 
[DEBUG][2021-04-16 09:38:01][main] org.apache.ibatis.logging.jdbc.BaseJdbcLogger.debug(BaseJdbcLogger.java:159) <==      Total: 1 
[DEBUG][2021-04-16 09:38:01][main] org.mybatis.spring.SqlSessionUtils.closeSqlSession(SqlSessionUtils.java:188) Releasing transactional SqlSession [org.apache.ibatis.session.defaults.DefaultSqlSession@159e366] 
[DEBUG][2021-04-16 09:38:01][main] org.mybatis.spring.SqlSessionUtils.sessionHolder(SqlSessionUtils.java:165) Fetched SqlSession [org.apache.ibatis.session.defaults.DefaultSqlSession@159e366] from current transaction 
[DEBUG][2021-04-16 09:38:01][main] org.apache.ibatis.logging.jdbc.BaseJdbcLogger.debug(BaseJdbcLogger.java:159) ==>  Preparing: select count(*) as amount, workspace as "workspace",resource_type as "resource_type" from resource where workspace=? and resource_type=?  
[DEBUG][2021-04-16 09:38:01][main] org.apache.ibatis.logging.jdbc.BaseJdbcLogger.debug(BaseJdbcLogger.java:159) ==> Parameters: 加工(String), 高级机床(String) 
[DEBUG][2021-04-16 09:38:01][main] org.apache.ibatis.logging.jdbc.BaseJdbcLogger.debug(BaseJdbcLogger.java:159) <==      Total: 1 
[DEBUG][2021-04-16 09:38:01][main] org.mybatis.spring.SqlSessionUtils.closeSqlSession(SqlSessionUtils.java:188) Releasing transactional SqlSession [org.apache.ibatis.session.defaults.DefaultSqlSession@159e366] 
[DEBUG][2021-04-16 09:38:01][main] org.mybatis.spring.SqlSessionUtils.sessionHolder(SqlSessionUtils.java:165) Fetched SqlSession [org.apache.ibatis.session.defaults.DefaultSqlSession@159e366] from current transaction 
[DEBUG][2021-04-16 09:38:01][main] org.apache.ibatis.logging.jdbc.BaseJdbcLogger.debug(BaseJdbcLogger.java:159) ==>  Preparing: select count(*) as amount, workspace as "workspace",resource_type as "resource_type" from resource where workspace=? and resource_type=?  
[DEBUG][2021-04-16 09:38:01][main] org.apache.ibatis.logging.jdbc.BaseJdbcLogger.debug(BaseJdbcLogger.java:159) ==> Parameters: 加工(String), 人员(String) 
[DEBUG][2021-04-16 09:38:01][main] org.apache.ibatis.logging.jdbc.BaseJdbcLogger.debug(BaseJdbcLogger.java:159) <==      Total: 1 
[DEBUG][2021-04-16 09:38:01][main] org.mybatis.spring.SqlSessionUtils.closeSqlSession(SqlSessionUtils.java:188) Releasing transactional SqlSession [org.apache.ibatis.session.defaults.DefaultSqlSession@159e366] 
[DEBUG][2021-04-16 09:38:01][main] org.mybatis.spring.SqlSessionUtils.sessionHolder(SqlSessionUtils.java:165) Fetched SqlSession [org.apache.ibatis.session.defaults.DefaultSqlSession@159e366] from current transaction 
[DEBUG][2021-04-16 09:38:01][main] org.apache.ibatis.logging.jdbc.BaseJdbcLogger.debug(BaseJdbcLogger.java:159) ==>  Preparing: select count(*) as amount, workspace as "workspace",resource_type as "resource_type" from resource where workspace=? and resource_type=?  
[DEBUG][2021-04-16 09:38:01][main] org.apache.ibatis.logging.jdbc.BaseJdbcLogger.debug(BaseJdbcLogger.java:159) ==> Parameters: 加工(String), 高级人员(String) 
[DEBUG][2021-04-16 09:38:01][main] org.apache.ibatis.logging.jdbc.BaseJdbcLogger.debug(BaseJdbcLogger.java:159) <==      Total: 1 
[DEBUG][2021-04-16 09:38:01][main] org.mybatis.spring.SqlSessionUtils.closeSqlSession(SqlSessionUtils.java:188) Releasing transactional SqlSession [org.apache.ibatis.session.defaults.DefaultSqlSession@159e366] 
[DEBUG][2021-04-16 09:38:01][main] org.mybatis.spring.SqlSessionUtils.sessionHolder(SqlSessionUtils.java:165) Fetched SqlSession [org.apache.ibatis.session.defaults.DefaultSqlSession@159e366] from current transaction 
[DEBUG][2021-04-16 09:38:01][main] org.apache.ibatis.logging.jdbc.BaseJdbcLogger.debug(BaseJdbcLogger.java:159) ==>  Preparing: select count(*) as amount, workspace as "workspace",resource_type as "resource_type" from resource where workspace=? and resource_type=?  
[DEBUG][2021-04-16 09:38:01][main] org.apache.ibatis.logging.jdbc.BaseJdbcLogger.debug(BaseJdbcLogger.java:159) ==> Parameters: 加工(String), 设备(String) 
[DEBUG][2021-04-16 09:38:01][main] org.apache.ibatis.logging.jdbc.BaseJdbcLogger.debug(BaseJdbcLogger.java:159) <==      Total: 1 
[DEBUG][2021-04-16 09:38:01][main] org.mybatis.spring.SqlSessionUtils.closeSqlSession(SqlSessionUtils.java:188) Releasing transactional SqlSession [org.apache.ibatis.session.defaults.DefaultSqlSession@159e366] 
[DEBUG][2021-04-16 09:38:01][main] org.mybatis.spring.SqlSessionUtils.sessionHolder(SqlSessionUtils.java:165) Fetched SqlSession [org.apache.ibatis.session.defaults.DefaultSqlSession@159e366] from current transaction 
[DEBUG][2021-04-16 09:38:01][main] org.apache.ibatis.logging.jdbc.BaseJdbcLogger.debug(BaseJdbcLogger.java:159) ==>  Preparing: select count(*) as amount, workspace as "workspace",resource_type as "resource_type" from resource where workspace=? and resource_type=?  
[DEBUG][2021-04-16 09:38:01][main] org.apache.ibatis.logging.jdbc.BaseJdbcLogger.debug(BaseJdbcLogger.java:159) ==> Parameters: 加工(String), 高级设备(String) 
[DEBUG][2021-04-16 09:38:01][main] org.apache.ibatis.logging.jdbc.BaseJdbcLogger.debug(BaseJdbcLogger.java:159) <==      Total: 1 
[DEBUG][2021-04-16 09:38:01][main] org.mybatis.spring.SqlSessionUtils.closeSqlSession(SqlSessionUtils.java:188) Releasing transactional SqlSession [org.apache.ibatis.session.defaults.DefaultSqlSession@159e366] 
[DEBUG][2021-04-16 09:38:01][main] org.mybatis.spring.SqlSessionUtils.sessionHolder(SqlSessionUtils.java:165) Fetched SqlSession [org.apache.ibatis.session.defaults.DefaultSqlSession@159e366] from current transaction 
[DEBUG][2021-04-16 09:38:01][main] org.apache.ibatis.logging.jdbc.BaseJdbcLogger.debug(BaseJdbcLogger.java:159) ==>  Preparing: select count(*) as amount, workspace as "workspace",resource_type as "resource_type" from resource where workspace=? and resource_type=?  
[DEBUG][2021-04-16 09:38:01][main] org.apache.ibatis.logging.jdbc.BaseJdbcLogger.debug(BaseJdbcLogger.java:159) ==> Parameters: 装配(String), 机床(String) 
[DEBUG][2021-04-16 09:38:01][main] org.apache.ibatis.logging.jdbc.BaseJdbcLogger.debug(BaseJdbcLogger.java:159) <==      Total: 1 
[DEBUG][2021-04-16 09:38:01][main] org.mybatis.spring.SqlSessionUtils.closeSqlSession(SqlSessionUtils.java:188) Releasing transactional SqlSession [org.apache.ibatis.session.defaults.DefaultSqlSession@159e366] 
[DEBUG][2021-04-16 09:38:01][main] org.mybatis.spring.SqlSessionUtils.sessionHolder(SqlSessionUtils.java:165) Fetched SqlSession [org.apache.ibatis.session.defaults.DefaultSqlSession@159e366] from current transaction 
[DEBUG][2021-04-16 09:38:01][main] org.apache.ibatis.logging.jdbc.BaseJdbcLogger.debug(BaseJdbcLogger.java:159) ==>  Preparing: select count(*) as amount, workspace as "workspace",resource_type as "resource_type" from resource where workspace=? and resource_type=?  
[DEBUG][2021-04-16 09:38:01][main] org.apache.ibatis.logging.jdbc.BaseJdbcLogger.debug(BaseJdbcLogger.java:159) ==> Parameters: 装配(String), 高级机床(String) 
[DEBUG][2021-04-16 09:38:01][main] org.apache.ibatis.logging.jdbc.BaseJdbcLogger.debug(BaseJdbcLogger.java:159) <==      Total: 1 
[DEBUG][2021-04-16 09:38:01][main] org.mybatis.spring.SqlSessionUtils.closeSqlSession(SqlSessionUtils.java:188) Releasing transactional SqlSession [org.apache.ibatis.session.defaults.DefaultSqlSession@159e366] 
[DEBUG][2021-04-16 09:38:01][main] org.mybatis.spring.SqlSessionUtils.sessionHolder(SqlSessionUtils.java:165) Fetched SqlSession [org.apache.ibatis.session.defaults.DefaultSqlSession@159e366] from current transaction 
[DEBUG][2021-04-16 09:38:01][main] org.apache.ibatis.logging.jdbc.BaseJdbcLogger.debug(BaseJdbcLogger.java:159) ==>  Preparing: select count(*) as amount, workspace as "workspace",resource_type as "resource_type" from resource where workspace=? and resource_type=?  
[DEBUG][2021-04-16 09:38:01][main] org.apache.ibatis.logging.jdbc.BaseJdbcLogger.debug(BaseJdbcLogger.java:159) ==> Parameters: 装配(String), 人员(String) 
[DEBUG][2021-04-16 09:38:01][main] org.apache.ibatis.logging.jdbc.BaseJdbcLogger.debug(BaseJdbcLogger.java:159) <==      Total: 1 
[DEBUG][2021-04-16 09:38:01][main] org.mybatis.spring.SqlSessionUtils.closeSqlSession(SqlSessionUtils.java:188) Releasing transactional SqlSession [org.apache.ibatis.session.defaults.DefaultSqlSession@159e366] 
[DEBUG][2021-04-16 09:38:01][main] org.mybatis.spring.SqlSessionUtils.sessionHolder(SqlSessionUtils.java:165) Fetched SqlSession [org.apache.ibatis.session.defaults.DefaultSqlSession@159e366] from current transaction 
[DEBUG][2021-04-16 09:38:01][main] org.apache.ibatis.logging.jdbc.BaseJdbcLogger.debug(BaseJdbcLogger.java:159) ==>  Preparing: select count(*) as amount, workspace as "workspace",resource_type as "resource_type" from resource where workspace=? and resource_type=?  
[DEBUG][2021-04-16 09:38:01][main] org.apache.ibatis.logging.jdbc.BaseJdbcLogger.debug(BaseJdbcLogger.java:159) ==> Parameters: 装配(String), 高级人员(String) 
[DEBUG][2021-04-16 09:38:01][main] org.apache.ibatis.logging.jdbc.BaseJdbcLogger.debug(BaseJdbcLogger.java:159) <==      Total: 1 
[DEBUG][2021-04-16 09:38:01][main] org.mybatis.spring.SqlSessionUtils.closeSqlSession(SqlSessionUtils.java:188) Releasing transactional SqlSession [org.apache.ibatis.session.defaults.DefaultSqlSession@159e366] 
[DEBUG][2021-04-16 09:38:01][main] org.mybatis.spring.SqlSessionUtils.sessionHolder(SqlSessionUtils.java:165) Fetched SqlSession [org.apache.ibatis.session.defaults.DefaultSqlSession@159e366] from current transaction 
[DEBUG][2021-04-16 09:38:01][main] org.apache.ibatis.logging.jdbc.BaseJdbcLogger.debug(BaseJdbcLogger.java:159) ==>  Preparing: select count(*) as amount, workspace as "workspace",resource_type as "resource_type" from resource where workspace=? and resource_type=?  
[DEBUG][2021-04-16 09:38:01][main] org.apache.ibatis.logging.jdbc.BaseJdbcLogger.debug(BaseJdbcLogger.java:159) ==> Parameters: 装配(String), 设备(String) 
[DEBUG][2021-04-16 09:38:01][main] org.apache.ibatis.logging.jdbc.BaseJdbcLogger.debug(BaseJdbcLogger.java:159) <==      Total: 1 
[DEBUG][2021-04-16 09:38:01][main] org.mybatis.spring.SqlSessionUtils.closeSqlSession(SqlSessionUtils.java:188) Releasing transactional SqlSession [org.apache.ibatis.session.defaults.DefaultSqlSession@159e366] 
[DEBUG][2021-04-16 09:38:01][main] org.mybatis.spring.SqlSessionUtils.sessionHolder(SqlSessionUtils.java:165) Fetched SqlSession [org.apache.ibatis.session.defaults.DefaultSqlSession@159e366] from current transaction 
[DEBUG][2021-04-16 09:38:01][main] org.apache.ibatis.logging.jdbc.BaseJdbcLogger.debug(BaseJdbcLogger.java:159) ==>  Preparing: select count(*) as amount, workspace as "workspace",resource_type as "resource_type" from resource where workspace=? and resource_type=?  
[DEBUG][2021-04-16 09:38:01][main] org.apache.ibatis.logging.jdbc.BaseJdbcLogger.debug(BaseJdbcLogger.java:159) ==> Parameters: 装配(String), 高级设备(String) 
[DEBUG][2021-04-16 09:38:01][main] org.apache.ibatis.logging.jdbc.BaseJdbcLogger.debug(BaseJdbcLogger.java:159) <==      Total: 1 
[DEBUG][2021-04-16 09:38:01][main] org.mybatis.spring.SqlSessionUtils.closeSqlSession(SqlSessionUtils.java:188) Releasing transactional SqlSession [org.apache.ibatis.session.defaults.DefaultSqlSession@159e366] 
[DEBUG][2021-04-16 09:38:01][main] org.mybatis.spring.SqlSessionUtils$SqlSessionSynchronization.beforeCommit(SqlSessionUtils.java:286) Transaction synchronization committing SqlSession [org.apache.ibatis.session.defaults.DefaultSqlSession@159e366] 
[DEBUG][2021-04-16 09:38:01][main] org.mybatis.spring.SqlSessionUtils$SqlSessionSynchronization.beforeCompletion(SqlSessionUtils.java:312) Transaction synchronization deregistering SqlSession [org.apache.ibatis.session.defaults.DefaultSqlSession@159e366] 
[DEBUG][2021-04-16 09:38:01][main] org.mybatis.spring.SqlSessionUtils$SqlSessionSynchronization.beforeCompletion(SqlSessionUtils.java:317) Transaction synchronization closing SqlSession [org.apache.ibatis.session.defaults.DefaultSqlSession@159e366] 
[DEBUG][2021-04-16 09:47:50][main] org.mybatis.spring.SqlSessionFactoryBean.buildSqlSessionFactory(SqlSessionFactoryBean.java:496) Parsed configuration file: 'class path resource [mybatis-config.xml]' 
[DEBUG][2021-04-16 09:47:50][main] org.mybatis.spring.SqlSessionFactoryBean.buildSqlSessionFactory(SqlSessionFactoryBean.java:528) Parsed mapper file: 'file [D:\ideaku\paichan\target\classes\mapper\DistriProcessMapper.xml]' 
[DEBUG][2021-04-16 09:47:50][main] org.mybatis.spring.SqlSessionFactoryBean.buildSqlSessionFactory(SqlSessionFactoryBean.java:528) Parsed mapper file: 'file [D:\ideaku\paichan\target\classes\mapper\NeedResourceMapper.xml]' 
[DEBUG][2021-04-16 09:47:50][main] org.mybatis.spring.SqlSessionFactoryBean.buildSqlSessionFactory(SqlSessionFactoryBean.java:528) Parsed mapper file: 'file [D:\ideaku\paichan\target\classes\mapper\OrderMapper.xml]' 
[DEBUG][2021-04-16 09:47:50][main] org.mybatis.spring.SqlSessionFactoryBean.buildSqlSessionFactory(SqlSessionFactoryBean.java:528) Parsed mapper file: 'file [D:\ideaku\paichan\target\classes\mapper\ProcessMapper.xml]' 
[DEBUG][2021-04-16 09:47:50][main] org.mybatis.spring.SqlSessionFactoryBean.buildSqlSessionFactory(SqlSessionFactoryBean.java:528) Parsed mapper file: 'file [D:\ideaku\paichan\target\classes\mapper\ProductMapper.xml]' 
[DEBUG][2021-04-16 09:47:50][main] org.mybatis.spring.SqlSessionFactoryBean.buildSqlSessionFactory(SqlSessionFactoryBean.java:528) Parsed mapper file: 'file [D:\ideaku\paichan\target\classes\mapper\RealProductMapper.xml]' 
[DEBUG][2021-04-16 09:47:50][main] org.mybatis.spring.SqlSessionFactoryBean.buildSqlSessionFactory(SqlSessionFactoryBean.java:528) Parsed mapper file: 'file [D:\ideaku\paichan\target\classes\mapper\ResourceMapper.xml]' 
[DEBUG][2021-04-16 09:47:50][main] org.mybatis.spring.SqlSessionFactoryBean.buildSqlSessionFactory(SqlSessionFactoryBean.java:528) Parsed mapper file: 'file [D:\ideaku\paichan\target\classes\mapper\SemiProductMapper.xml]' 
[DEBUG][2021-04-16 09:47:51][main] org.mybatis.spring.SqlSessionUtils.getSqlSession(SqlSessionUtils.java:99) Creating a new SqlSession 
[DEBUG][2021-04-16 09:47:51][main] org.mybatis.spring.SqlSessionUtils.registerSessionHolder(SqlSessionUtils.java:150) SqlSession [org.apache.ibatis.session.defaults.DefaultSqlSession@70e0accd] was not registered for synchronization because synchronization is not active 
[DEBUG][2021-04-16 09:47:51][main] org.mybatis.spring.transaction.SpringManagedTransaction.openConnection(SpringManagedTransaction.java:89) JDBC Connection [1424497441, URL=jdbc:mysql://localhost:3306/schedule?useUnicode=true&characterEncoding=utf8&serverTimezone=UTC&useSSL=false, MySQL Connector Java] will not be managed by Spring 
[DEBUG][2021-04-16 09:47:51][main] org.apache.ibatis.logging.jdbc.BaseJdbcLogger.debug(BaseJdbcLogger.java:159) ==>  Preparing: update resource SET to_free_time = ? where resource_id=? , SET to_free_time = ? where resource_id=?  
[DEBUG][2021-04-16 09:47:51][main] org.mybatis.spring.SqlSessionUtils.closeSqlSession(SqlSessionUtils.java:193) Closing non transactional SqlSession [org.apache.ibatis.session.defaults.DefaultSqlSession@70e0accd] 
[DEBUG][2021-04-16 09:49:15][main] org.mybatis.spring.SqlSessionFactoryBean.buildSqlSessionFactory(SqlSessionFactoryBean.java:496) Parsed configuration file: 'class path resource [mybatis-config.xml]' 
[DEBUG][2021-04-16 09:49:15][main] org.mybatis.spring.SqlSessionFactoryBean.buildSqlSessionFactory(SqlSessionFactoryBean.java:528) Parsed mapper file: 'file [D:\ideaku\paichan\target\classes\mapper\DistriProcessMapper.xml]' 
[DEBUG][2021-04-16 09:49:15][main] org.mybatis.spring.SqlSessionFactoryBean.buildSqlSessionFactory(SqlSessionFactoryBean.java:528) Parsed mapper file: 'file [D:\ideaku\paichan\target\classes\mapper\NeedResourceMapper.xml]' 
[DEBUG][2021-04-16 09:49:15][main] org.mybatis.spring.SqlSessionFactoryBean.buildSqlSessionFactory(SqlSessionFactoryBean.java:528) Parsed mapper file: 'file [D:\ideaku\paichan\target\classes\mapper\OrderMapper.xml]' 
[DEBUG][2021-04-16 09:49:15][main] org.mybatis.spring.SqlSessionFactoryBean.buildSqlSessionFactory(SqlSessionFactoryBean.java:528) Parsed mapper file: 'file [D:\ideaku\paichan\target\classes\mapper\ProcessMapper.xml]' 
[DEBUG][2021-04-16 09:49:15][main] org.mybatis.spring.SqlSessionFactoryBean.buildSqlSessionFactory(SqlSessionFactoryBean.java:528) Parsed mapper file: 'file [D:\ideaku\paichan\target\classes\mapper\ProductMapper.xml]' 
[DEBUG][2021-04-16 09:49:15][main] org.mybatis.spring.SqlSessionFactoryBean.buildSqlSessionFactory(SqlSessionFactoryBean.java:528) Parsed mapper file: 'file [D:\ideaku\paichan\target\classes\mapper\RealProductMapper.xml]' 
[DEBUG][2021-04-16 09:49:16][main] org.mybatis.spring.SqlSessionFactoryBean.buildSqlSessionFactory(SqlSessionFactoryBean.java:528) Parsed mapper file: 'file [D:\ideaku\paichan\target\classes\mapper\ResourceMapper.xml]' 
[DEBUG][2021-04-16 09:49:16][main] org.mybatis.spring.SqlSessionFactoryBean.buildSqlSessionFactory(SqlSessionFactoryBean.java:528) Parsed mapper file: 'file [D:\ideaku\paichan\target\classes\mapper\SemiProductMapper.xml]' 
[DEBUG][2021-04-16 09:49:16][main] org.mybatis.spring.SqlSessionUtils.getSqlSession(SqlSessionUtils.java:99) Creating a new SqlSession 
[DEBUG][2021-04-16 09:49:16][main] org.mybatis.spring.SqlSessionUtils.registerSessionHolder(SqlSessionUtils.java:150) SqlSession [org.apache.ibatis.session.defaults.DefaultSqlSession@70e0accd] was not registered for synchronization because synchronization is not active 
[DEBUG][2021-04-16 09:49:17][main] org.mybatis.spring.transaction.SpringManagedTransaction.openConnection(SpringManagedTransaction.java:89) JDBC Connection [670084377, URL=jdbc:mysql://localhost:3306/schedule?useUnicode=true&characterEncoding=utf8&serverTimezone=UTC&useSSL=false, MySQL Connector Java] will not be managed by Spring 
[DEBUG][2021-04-16 09:49:17][main] org.apache.ibatis.logging.jdbc.BaseJdbcLogger.debug(BaseJdbcLogger.java:159) ==>  Preparing: update resource SET to_free_time = ? where resource_id=? , SET to_free_time = ? where resource_id=?  
[DEBUG][2021-04-16 09:49:17][main] org.apache.ibatis.logging.jdbc.BaseJdbcLogger.debug(BaseJdbcLogger.java:159) ==> Parameters: 10(Integer), 2(Integer), 15(Integer), 3(Integer) 
[DEBUG][2021-04-16 09:49:17][main] org.mybatis.spring.SqlSessionUtils.closeSqlSession(SqlSessionUtils.java:193) Closing non transactional SqlSession [org.apache.ibatis.session.defaults.DefaultSqlSession@70e0accd] 
[DEBUG][2021-04-16 09:51:20][main] org.mybatis.spring.SqlSessionFactoryBean.buildSqlSessionFactory(SqlSessionFactoryBean.java:496) Parsed configuration file: 'class path resource [mybatis-config.xml]' 
[DEBUG][2021-04-16 09:51:20][main] org.mybatis.spring.SqlSessionFactoryBean.buildSqlSessionFactory(SqlSessionFactoryBean.java:528) Parsed mapper file: 'file [D:\ideaku\paichan\target\classes\mapper\DistriProcessMapper.xml]' 
[DEBUG][2021-04-16 09:51:20][main] org.mybatis.spring.SqlSessionFactoryBean.buildSqlSessionFactory(SqlSessionFactoryBean.java:528) Parsed mapper file: 'file [D:\ideaku\paichan\target\classes\mapper\NeedResourceMapper.xml]' 
[DEBUG][2021-04-16 09:51:20][main] org.mybatis.spring.SqlSessionFactoryBean.buildSqlSessionFactory(SqlSessionFactoryBean.java:528) Parsed mapper file: 'file [D:\ideaku\paichan\target\classes\mapper\OrderMapper.xml]' 
[DEBUG][2021-04-16 09:51:20][main] org.mybatis.spring.SqlSessionFactoryBean.buildSqlSessionFactory(SqlSessionFactoryBean.java:528) Parsed mapper file: 'file [D:\ideaku\paichan\target\classes\mapper\ProcessMapper.xml]' 
[DEBUG][2021-04-16 09:51:20][main] org.mybatis.spring.SqlSessionFactoryBean.buildSqlSessionFactory(SqlSessionFactoryBean.java:528) Parsed mapper file: 'file [D:\ideaku\paichan\target\classes\mapper\ProductMapper.xml]' 
[DEBUG][2021-04-16 09:51:20][main] org.mybatis.spring.SqlSessionFactoryBean.buildSqlSessionFactory(SqlSessionFactoryBean.java:528) Parsed mapper file: 'file [D:\ideaku\paichan\target\classes\mapper\RealProductMapper.xml]' 
[DEBUG][2021-04-16 09:51:20][main] org.mybatis.spring.SqlSessionFactoryBean.buildSqlSessionFactory(SqlSessionFactoryBean.java:528) Parsed mapper file: 'file [D:\ideaku\paichan\target\classes\mapper\ResourceMapper.xml]' 
[DEBUG][2021-04-16 09:51:20][main] org.mybatis.spring.SqlSessionFactoryBean.buildSqlSessionFactory(SqlSessionFactoryBean.java:528) Parsed mapper file: 'file [D:\ideaku\paichan\target\classes\mapper\SemiProductMapper.xml]' 
[DEBUG][2021-04-16 09:51:21][main] org.mybatis.spring.SqlSessionUtils.getSqlSession(SqlSessionUtils.java:99) Creating a new SqlSession 
[DEBUG][2021-04-16 09:51:21][main] org.mybatis.spring.SqlSessionUtils.registerSessionHolder(SqlSessionUtils.java:150) SqlSession [org.apache.ibatis.session.defaults.DefaultSqlSession@70e0accd] was not registered for synchronization because synchronization is not active 
[DEBUG][2021-04-16 09:51:22][main] org.mybatis.spring.transaction.SpringManagedTransaction.openConnection(SpringManagedTransaction.java:89) JDBC Connection [670084377, URL=jdbc:mysql://localhost:3306/schedule?useUnicode=true&characterEncoding=utf8&serverTimezone=UTC&useSSL=false, MySQL Connector Java] will not be managed by Spring 
[DEBUG][2021-04-16 09:51:22][main] org.apache.ibatis.logging.jdbc.BaseJdbcLogger.debug(BaseJdbcLogger.java:159) ==>  Preparing: update resource SET to_free_time = ? where resource_id=? , update resource SET to_free_time = ? where resource_id=?  
[DEBUG][2021-04-16 09:51:22][main] org.apache.ibatis.logging.jdbc.BaseJdbcLogger.debug(BaseJdbcLogger.java:159) ==> Parameters: 10(Integer), 2(Integer), 15(Integer), 3(Integer) 
[DEBUG][2021-04-16 09:51:22][main] org.mybatis.spring.SqlSessionUtils.closeSqlSession(SqlSessionUtils.java:193) Closing non transactional SqlSession [org.apache.ibatis.session.defaults.DefaultSqlSession@70e0accd] 
[DEBUG][2021-04-16 09:54:56][main] org.mybatis.spring.SqlSessionFactoryBean.buildSqlSessionFactory(SqlSessionFactoryBean.java:496) Parsed configuration file: 'class path resource [mybatis-config.xml]' 
[DEBUG][2021-04-16 09:54:56][main] org.mybatis.spring.SqlSessionFactoryBean.buildSqlSessionFactory(SqlSessionFactoryBean.java:528) Parsed mapper file: 'file [D:\ideaku\paichan\target\classes\mapper\DistriProcessMapper.xml]' 
[DEBUG][2021-04-16 09:54:56][main] org.mybatis.spring.SqlSessionFactoryBean.buildSqlSessionFactory(SqlSessionFactoryBean.java:528) Parsed mapper file: 'file [D:\ideaku\paichan\target\classes\mapper\NeedResourceMapper.xml]' 
[DEBUG][2021-04-16 09:54:56][main] org.mybatis.spring.SqlSessionFactoryBean.buildSqlSessionFactory(SqlSessionFactoryBean.java:528) Parsed mapper file: 'file [D:\ideaku\paichan\target\classes\mapper\OrderMapper.xml]' 
[DEBUG][2021-04-16 09:54:56][main] org.mybatis.spring.SqlSessionFactoryBean.buildSqlSessionFactory(SqlSessionFactoryBean.java:528) Parsed mapper file: 'file [D:\ideaku\paichan\target\classes\mapper\ProcessMapper.xml]' 
[DEBUG][2021-04-16 09:54:56][main] org.mybatis.spring.SqlSessionFactoryBean.buildSqlSessionFactory(SqlSessionFactoryBean.java:528) Parsed mapper file: 'file [D:\ideaku\paichan\target\classes\mapper\ProductMapper.xml]' 
[DEBUG][2021-04-16 09:54:56][main] org.mybatis.spring.SqlSessionFactoryBean.buildSqlSessionFactory(SqlSessionFactoryBean.java:528) Parsed mapper file: 'file [D:\ideaku\paichan\target\classes\mapper\RealProductMapper.xml]' 
[DEBUG][2021-04-16 09:54:56][main] org.mybatis.spring.SqlSessionFactoryBean.buildSqlSessionFactory(SqlSessionFactoryBean.java:528) Parsed mapper file: 'file [D:\ideaku\paichan\target\classes\mapper\ResourceMapper.xml]' 
[DEBUG][2021-04-16 09:54:56][main] org.mybatis.spring.SqlSessionFactoryBean.buildSqlSessionFactory(SqlSessionFactoryBean.java:528) Parsed mapper file: 'file [D:\ideaku\paichan\target\classes\mapper\SemiProductMapper.xml]' 
[DEBUG][2021-04-16 09:54:57][main] org.mybatis.spring.SqlSessionUtils.getSqlSession(SqlSessionUtils.java:99) Creating a new SqlSession 
[DEBUG][2021-04-16 09:54:57][main] org.mybatis.spring.SqlSessionUtils.registerSessionHolder(SqlSessionUtils.java:150) SqlSession [org.apache.ibatis.session.defaults.DefaultSqlSession@70e0accd] was not registered for synchronization because synchronization is not active 
[DEBUG][2021-04-16 09:54:58][main] org.mybatis.spring.transaction.SpringManagedTransaction.openConnection(SpringManagedTransaction.java:89) JDBC Connection [670084377, URL=jdbc:mysql://localhost:3306/schedule?useUnicode=true&characterEncoding=utf8&serverTimezone=UTC&useSSL=false, MySQL Connector Java] will not be managed by Spring 
[DEBUG][2021-04-16 09:54:58][main] org.apache.ibatis.logging.jdbc.BaseJdbcLogger.debug(BaseJdbcLogger.java:159) ==>  Preparing: update resource SET to_free_time = ? where resource_id=? ; update resource SET to_free_time = ? where resource_id=?  
[DEBUG][2021-04-16 09:54:58][main] org.apache.ibatis.logging.jdbc.BaseJdbcLogger.debug(BaseJdbcLogger.java:159) ==> Parameters: 10(Integer), 2(Integer), 15(Integer), 3(Integer) 
[DEBUG][2021-04-16 09:54:58][main] org.mybatis.spring.SqlSessionUtils.closeSqlSession(SqlSessionUtils.java:193) Closing non transactional SqlSession [org.apache.ibatis.session.defaults.DefaultSqlSession@70e0accd] 
[DEBUG][2021-04-16 09:59:36][main] org.mybatis.spring.SqlSessionFactoryBean.buildSqlSessionFactory(SqlSessionFactoryBean.java:496) Parsed configuration file: 'class path resource [mybatis-config.xml]' 
[DEBUG][2021-04-16 09:59:36][main] org.mybatis.spring.SqlSessionFactoryBean.buildSqlSessionFactory(SqlSessionFactoryBean.java:528) Parsed mapper file: 'file [D:\ideaku\paichan\target\classes\mapper\DistriProcessMapper.xml]' 
[DEBUG][2021-04-16 09:59:36][main] org.mybatis.spring.SqlSessionFactoryBean.buildSqlSessionFactory(SqlSessionFactoryBean.java:528) Parsed mapper file: 'file [D:\ideaku\paichan\target\classes\mapper\NeedResourceMapper.xml]' 
[DEBUG][2021-04-16 09:59:36][main] org.mybatis.spring.SqlSessionFactoryBean.buildSqlSessionFactory(SqlSessionFactoryBean.java:528) Parsed mapper file: 'file [D:\ideaku\paichan\target\classes\mapper\OrderMapper.xml]' 
[DEBUG][2021-04-16 09:59:36][main] org.mybatis.spring.SqlSessionFactoryBean.buildSqlSessionFactory(SqlSessionFactoryBean.java:528) Parsed mapper file: 'file [D:\ideaku\paichan\target\classes\mapper\ProcessMapper.xml]' 
[DEBUG][2021-04-16 09:59:36][main] org.mybatis.spring.SqlSessionFactoryBean.buildSqlSessionFactory(SqlSessionFactoryBean.java:528) Parsed mapper file: 'file [D:\ideaku\paichan\target\classes\mapper\ProductMapper.xml]' 
[DEBUG][2021-04-16 09:59:37][main] org.mybatis.spring.SqlSessionFactoryBean.buildSqlSessionFactory(SqlSessionFactoryBean.java:528) Parsed mapper file: 'file [D:\ideaku\paichan\target\classes\mapper\RealProductMapper.xml]' 
[DEBUG][2021-04-16 09:59:37][main] org.mybatis.spring.SqlSessionFactoryBean.buildSqlSessionFactory(SqlSessionFactoryBean.java:528) Parsed mapper file: 'file [D:\ideaku\paichan\target\classes\mapper\ResourceMapper.xml]' 
[DEBUG][2021-04-16 09:59:37][main] org.mybatis.spring.SqlSessionFactoryBean.buildSqlSessionFactory(SqlSessionFactoryBean.java:528) Parsed mapper file: 'file [D:\ideaku\paichan\target\classes\mapper\SemiProductMapper.xml]' 
[DEBUG][2021-04-16 09:59:37][main] org.mybatis.spring.SqlSessionUtils.getSqlSession(SqlSessionUtils.java:99) Creating a new SqlSession 
[DEBUG][2021-04-16 09:59:37][main] org.mybatis.spring.SqlSessionUtils.registerSessionHolder(SqlSessionUtils.java:150) SqlSession [org.apache.ibatis.session.defaults.DefaultSqlSession@70e0accd] was not registered for synchronization because synchronization is not active 
[DEBUG][2021-04-16 09:59:38][main] org.mybatis.spring.transaction.SpringManagedTransaction.openConnection(SpringManagedTransaction.java:89) JDBC Connection [670084377, URL=jdbc:mysql://localhost:3306/schedule?useUnicode=true&characterEncoding=utf8&serverTimezone=UTC&useSSL=false, MySQL Connector Java] will not be managed by Spring 
[DEBUG][2021-04-16 09:59:38][main] org.apache.ibatis.logging.jdbc.BaseJdbcLogger.debug(BaseJdbcLogger.java:159) ==>  Preparing: update resource SET to_free_time = ? where resource_id = ? ; update resource SET to_free_time = ? where resource_id = ?  
[DEBUG][2021-04-16 09:59:38][main] org.apache.ibatis.logging.jdbc.BaseJdbcLogger.debug(BaseJdbcLogger.java:159) ==> Parameters: 10(Integer), 2(Integer), 15(Integer), 3(Integer) 
[DEBUG][2021-04-16 09:59:38][main] org.mybatis.spring.SqlSessionUtils.closeSqlSession(SqlSessionUtils.java:193) Closing non transactional SqlSession [org.apache.ibatis.session.defaults.DefaultSqlSession@70e0accd] 
[DEBUG][2021-04-16 10:02:59][main] org.mybatis.spring.SqlSessionFactoryBean.buildSqlSessionFactory(SqlSessionFactoryBean.java:496) Parsed configuration file: 'class path resource [mybatis-config.xml]' 
[DEBUG][2021-04-16 10:02:59][main] org.mybatis.spring.SqlSessionFactoryBean.buildSqlSessionFactory(SqlSessionFactoryBean.java:528) Parsed mapper file: 'file [D:\ideaku\paichan\target\classes\mapper\DistriProcessMapper.xml]' 
[DEBUG][2021-04-16 10:02:59][main] org.mybatis.spring.SqlSessionFactoryBean.buildSqlSessionFactory(SqlSessionFactoryBean.java:528) Parsed mapper file: 'file [D:\ideaku\paichan\target\classes\mapper\NeedResourceMapper.xml]' 
[DEBUG][2021-04-16 10:02:59][main] org.mybatis.spring.SqlSessionFactoryBean.buildSqlSessionFactory(SqlSessionFactoryBean.java:528) Parsed mapper file: 'file [D:\ideaku\paichan\target\classes\mapper\OrderMapper.xml]' 
[DEBUG][2021-04-16 10:02:59][main] org.mybatis.spring.SqlSessionFactoryBean.buildSqlSessionFactory(SqlSessionFactoryBean.java:528) Parsed mapper file: 'file [D:\ideaku\paichan\target\classes\mapper\ProcessMapper.xml]' 
[DEBUG][2021-04-16 10:02:59][main] org.mybatis.spring.SqlSessionFactoryBean.buildSqlSessionFactory(SqlSessionFactoryBean.java:528) Parsed mapper file: 'file [D:\ideaku\paichan\target\classes\mapper\ProductMapper.xml]' 
[DEBUG][2021-04-16 10:02:59][main] org.mybatis.spring.SqlSessionFactoryBean.buildSqlSessionFactory(SqlSessionFactoryBean.java:528) Parsed mapper file: 'file [D:\ideaku\paichan\target\classes\mapper\RealProductMapper.xml]' 
[DEBUG][2021-04-16 10:02:59][main] org.mybatis.spring.SqlSessionFactoryBean.buildSqlSessionFactory(SqlSessionFactoryBean.java:528) Parsed mapper file: 'file [D:\ideaku\paichan\target\classes\mapper\ResourceMapper.xml]' 
[DEBUG][2021-04-16 10:02:59][main] org.mybatis.spring.SqlSessionFactoryBean.buildSqlSessionFactory(SqlSessionFactoryBean.java:528) Parsed mapper file: 'file [D:\ideaku\paichan\target\classes\mapper\SemiProductMapper.xml]' 
[DEBUG][2021-04-16 10:03:00][main] org.mybatis.spring.SqlSessionUtils.getSqlSession(SqlSessionUtils.java:99) Creating a new SqlSession 
[DEBUG][2021-04-16 10:03:00][main] org.mybatis.spring.SqlSessionUtils.registerSessionHolder(SqlSessionUtils.java:150) SqlSession [org.apache.ibatis.session.defaults.DefaultSqlSession@70e0accd] was not registered for synchronization because synchronization is not active 
[DEBUG][2021-04-16 10:03:00][main] org.mybatis.spring.transaction.SpringManagedTransaction.openConnection(SpringManagedTransaction.java:89) JDBC Connection [670084377, URL=jdbc:mysql://localhost:3306/schedule?useUnicode=true&characterEncoding=utf8&serverTimezone=UTC&useSSL=false&allowMultiQueries=true, MySQL Connector Java] will not be managed by Spring 
[DEBUG][2021-04-16 10:03:00][main] org.apache.ibatis.logging.jdbc.BaseJdbcLogger.debug(BaseJdbcLogger.java:159) ==>  Preparing: update resource SET to_free_time = ? where resource_id = ? ; update resource SET to_free_time = ? where resource_id = ?  
[DEBUG][2021-04-16 10:03:00][main] org.apache.ibatis.logging.jdbc.BaseJdbcLogger.debug(BaseJdbcLogger.java:159) ==> Parameters: 10(Integer), 2(Integer), 15(Integer), 3(Integer) 
[DEBUG][2021-04-16 10:03:00][main] org.apache.ibatis.logging.jdbc.BaseJdbcLogger.debug(BaseJdbcLogger.java:159) <==    Updates: 1 
[DEBUG][2021-04-16 10:03:00][main] org.mybatis.spring.SqlSessionUtils.closeSqlSession(SqlSessionUtils.java:193) Closing non transactional SqlSession [org.apache.ibatis.session.defaults.DefaultSqlSession@70e0accd] 
